"../../../Engine/Plugins/2D/Paper2D/Content/PlaceholderTextures/DummySpriteTexture.ubulk" 0
"../../../Engine/Plugins/2D/Paper2D/Content/PlaceholderTextures/DummySpriteTexture.uasset" 1
"../../../Engine/Plugins/2D/Paper2D/Content/PlaceholderTextures/DummySpriteTexture.uexp" 2
"../../../Engine/Plugins/2D/Paper2D/Content/DummySprite.uasset" 3
"../../../Engine/Plugins/2D/Paper2D/Content/DummySprite.uexp" 4
"../../../Engine/Plugins/2D/Paper2D/Content/DefaultPaperTerrainMaterial.uasset" 5
"../../../Engine/Plugins/2D/Paper2D/Content/DefaultPaperTerrainMaterial.uexp" 6
"../../../Engine/Plugins/Animation/ACLPlugin/Content/ACLAnimCurveCompressionSettings.uasset" 7
"../../../Engine/Plugins/Animation/ACLPlugin/Content/ACLAnimCurveCompressionSettings.uexp" 8
"../../../Engine/Plugins/Animation/ACLPlugin/Content/ACLAnimBoneCompressionSettings.uasset" 9
"../../../Engine/Plugins/Animation/ACLPlugin/Content/ACLAnimBoneCompressionSettings.uexp" 10
"../../../Engine/Content/Animation/DefaultVariableFrameStrippingSettings.uasset" 11
"../../../Engine/Content/Animation/DefaultVariableFrameStrippingSettings.uexp" 12
"../../../Engine/Content/Animation/DefaultRecorderBoneCompression.uasset" 13
"../../../Engine/Content/Animation/DefaultRecorderBoneCompression.uexp" 14
"../../../Engine/Plugins/Animation/ControlRig/Content/Controls/DefaultGizmoLibraryNormalized.uasset" 15
"../../../Engine/Plugins/Animation/ControlRig/Content/Controls/DefaultGizmoLibraryNormalized.uexp" 16
"../../../Engine/Content/EngineSounds/Master.uasset" 17
"../../../Engine/Content/EngineSounds/Master.uexp" 18
"../../../Engine/Content/EngineMaterials/DefaultPhysicalMaterial.uasset" 19
"../../../Engine/Content/EngineMaterials/DefaultPhysicalMaterial.uexp" 20
"../../../Engine/Content/EngineMaterials/DefaultDestructiblePhysicalMaterial.uasset" 21
"../../../Engine/Content/EngineMaterials/DefaultDestructiblePhysicalMaterial.uexp" 22
"../../../Engine/Content/EngineFonts/Faces/DroidSansFallback.uexp" 23
"../../../Engine/Content/EngineFonts/Faces/DroidSansFallback.uasset" 24
"../../../Engine/Content/EngineFonts/Faces/DroidSansFallback.ufont" 25
"../../../Engine/Content/EngineFonts/Faces/RobotoRegular.uexp" 26
"../../../Engine/Content/EngineFonts/Faces/RobotoRegular.uasset" 27
"../../../Engine/Content/EngineFonts/Faces/RobotoRegular.ufont" 28
"../../../Engine/Content/EngineFonts/Faces/RobotoLight.uexp" 29
"../../../Engine/Content/EngineFonts/Faces/RobotoLight.uasset" 30
"../../../Engine/Content/EngineFonts/Faces/RobotoLight.ufont" 31
"../../../Engine/Content/EngineFonts/Faces/RobotoItalic.uexp" 32
"../../../Engine/Content/EngineFonts/Faces/RobotoItalic.uasset" 33
"../../../Engine/Content/EngineFonts/Faces/RobotoItalic.ufont" 34
"../../../Engine/Content/EngineFonts/Faces/RobotoBold.uexp" 35
"../../../Engine/Content/EngineFonts/Faces/RobotoBold.uasset" 36
"../../../Engine/Content/EngineFonts/Faces/RobotoBold.ufont" 37
"../../../Engine/Content/EngineFonts/Faces/RobotoBoldItalic.uexp" 38
"../../../Engine/Content/EngineFonts/Faces/RobotoBoldItalic.uasset" 39
"../../../Engine/Content/EngineFonts/Faces/RobotoBoldItalic.ufont" 40
"../../../Engine/Content/EngineFonts/Roboto.uasset" 41
"../../../Engine/Content/EngineFonts/Roboto.uexp" 42
"../../../Engine/Content/EngineFonts/Faces/DroidSansMono.uexp" 43
"../../../Engine/Content/EngineFonts/Faces/DroidSansMono.uasset" 44
"../../../Engine/Content/EngineFonts/Faces/DroidSansMono.ufont" 45
"../../../Engine/Content/EngineFonts/DroidSansMono.uasset" 46
"../../../Engine/Content/EngineFonts/DroidSansMono.uexp" 47
"../../../Engine/Content/EngineResources/GradientTexture0.uasset" 48
"../../../Engine/Content/EngineResources/GradientTexture0.uexp" 49
"../../../Engine/Content/EngineResources/Black.uasset" 50
"../../../Engine/Content/EngineResources/Black.uexp" 51
"../../../Engine/Content/EditorResources/S_Actor.ubulk" 52
"../../../Engine/Content/EditorResources/S_Actor.uasset" 53
"../../../Engine/Content/EditorResources/S_Actor.uexp" 54
"../../../Engine/Content/EditorResources/S_Trigger.ubulk" 55
"../../../Engine/Content/EditorResources/S_Trigger.uasset" 56
"../../../Engine/Content/EditorResources/S_Trigger.uexp" 57
"../../../Engine/Content/EditorResources/S_BoxReflectionCapture.uasset" 58
"../../../Engine/Content/EditorResources/S_BoxReflectionCapture.uexp" 59
"../../../Engine/Content/EngineResources/DefaultTexture.ubulk" 60
"../../../Engine/Content/EngineResources/DefaultTexture.uasset" 61
"../../../Engine/Content/EngineResources/DefaultTexture.uexp" 62
"../../../Engine/Content/EditorResources/S_TriggerBox.uasset" 63
"../../../Engine/Content/EditorResources/S_TriggerBox.uexp" 64
"../../../Engine/Content/EditorResources/S_TriggerCapsule.uasset" 65
"../../../Engine/Content/EditorResources/S_TriggerCapsule.uexp" 66
"../../../Engine/Content/EditorResources/S_TriggerSphere.uasset" 67
"../../../Engine/Content/EditorResources/S_TriggerSphere.uexp" 68
"../../../Engine/Content/EngineMeshes/Sphere.ubulk" 69
"../../../Engine/Content/EngineMeshes/Sphere.uasset" 70
"../../../Engine/Content/EngineMeshes/Sphere.uexp" 71
"../../../Engine/Content/EngineResources/DefaultTextureCube.uasset" 72
"../../../Engine/Content/EngineResources/DefaultTextureCube.uexp" 73
"../../../Engine/Content/EngineResources/DefaultVolumeTexture2D.uasset" 74
"../../../Engine/Content/EngineResources/DefaultVolumeTexture2D.uexp" 75
"../../../Engine/Content/EngineResources/DefaultVolumeTexture.uasset" 76
"../../../Engine/Content/EngineResources/DefaultVolumeTexture.uexp" 77
"../../../Engine/Plugins/2D/Paper2D/Content/DefaultSpriteMaterial.uasset" 78
"../../../Engine/Plugins/2D/Paper2D/Content/DefaultSpriteMaterial.uexp" 79
"../../../Engine/Plugins/2D/Paper2D/Content/OpaqueUnlitSpriteMaterial.uasset" 80
"../../../Engine/Plugins/2D/Paper2D/Content/OpaqueUnlitSpriteMaterial.uexp" 81
"../../../Engine/Plugins/2D/Paper2D/Content/MaskedUnlitSpriteMaterial.uasset" 82
"../../../Engine/Plugins/2D/Paper2D/Content/MaskedUnlitSpriteMaterial.uexp" 83
"../../../Engine/Content/EngineMaterials/T_Default_Material_Grid_M.ubulk" 84
"../../../Engine/Content/EngineMaterials/T_Default_Material_Grid_M.uasset" 85
"../../../Engine/Content/EngineMaterials/T_Default_Material_Grid_M.uexp" 86
"../../../Engine/Content/Functions/Engine_MaterialFunctions01/Opacity/CameraDepthFade.uasset" 87
"../../../Engine/Content/Functions/Engine_MaterialFunctions01/Opacity/CameraDepthFade.uexp" 88
"../../../Engine/Content/EngineMaterials/T_Default_Material_Grid_N.ubulk" 89
"../../../Engine/Content/EngineMaterials/T_Default_Material_Grid_N.uasset" 90
"../../../Engine/Content/EngineMaterials/T_Default_Material_Grid_N.uexp" 91
"../../../Engine/Content/EngineMaterials/WorldGridMaterial.uasset" 92
"../../../Engine/Content/EngineMaterials/WorldGridMaterial.uexp" 93
"../../../Engine/Plugins/Media/MediaPlate/Content/SM_MediaPlateScreen.ubulk" 94
"../../../Engine/Plugins/Media/MediaPlate/Content/SM_MediaPlateScreen.uasset" 95
"../../../Engine/Plugins/Media/MediaPlate/Content/SM_MediaPlateScreen.uexp" 96
"../../../Engine/Content/Functions/Engine_MaterialFunctions02/WorldPositionOffset/CameraOffset.uasset" 97
"../../../Engine/Content/Functions/Engine_MaterialFunctions02/WorldPositionOffset/CameraOffset.uexp" 98
"../../../Engine/Plugins/Animation/ControlRig/Content/M_Manip.uasset" 99
"../../../Engine/Plugins/Animation/ControlRig/Content/M_Manip.uexp" 100
"../../../Engine/Content/EngineMaterials/DefaultMaterial.uasset" 101
"../../../Engine/Content/EngineMaterials/DefaultMaterial.uexp" 102
"../../../Engine/Content/BasicShapes/Sphere.ubulk" 103
"../../../Engine/Content/BasicShapes/Sphere.uasset" 104
"../../../Engine/Content/BasicShapes/Sphere.uexp" 105
"../../../Engine/Content/BasicShapes/Cylinder.ubulk" 106
"../../../Engine/Content/BasicShapes/Cylinder.uasset" 107
"../../../Engine/Content/BasicShapes/Cylinder.uexp" 108
"../../../Engine/Content/BasicShapes/Cone.ubulk" 109
"../../../Engine/Content/BasicShapes/Cone.uasset" 110
"../../../Engine/Content/BasicShapes/Cone.uexp" 111
"../../../Engine/Content/EditorResources/S_Terrain.ubulk" 112
"../../../Engine/Content/EditorResources/S_Terrain.uasset" 113
"../../../Engine/Content/EditorResources/S_Terrain.uexp" 114
"../../../Engine/Content/EditorResources/S_Solver.ubulk" 115
"../../../Engine/Content/EditorResources/S_Solver.uasset" 116
"../../../Engine/Content/EditorResources/S_Solver.uexp" 117
"../../../Engine/Content/EditorResources/BSPVertex.uasset" 118
"../../../Engine/Content/EditorResources/BSPVertex.uexp" 119
"../../../Engine/Content/EditorMaterials/PreviewShadowIndicator.ubulk" 120
"../../../Engine/Content/EditorMaterials/PreviewShadowIndicator.uasset" 121
"../../../Engine/Content/EditorMaterials/PreviewShadowIndicator.uexp" 122
"../../../Engine/Content/EditorMaterials/PreviewShadowIndicatorMaterial.uasset" 123
"../../../Engine/Content/EditorMaterials/PreviewShadowIndicatorMaterial.uexp" 124
"../../../Engine/Content/EditorMaterials/PhAT_UnselectedMaterial.uasset" 125
"../../../Engine/Content/EditorMaterials/PhAT_UnselectedMaterial.uexp" 126
"../../../Engine/Content/EditorMaterials/PhAT_NoCollisionMaterial.uasset" 127
"../../../Engine/Content/EditorMaterials/PhAT_NoCollisionMaterial.uexp" 128
"../../../Engine/Content/EditorLandscapeResources/SplineEditorMeshMat.uasset" 129
"../../../Engine/Content/EditorLandscapeResources/SplineEditorMeshMat.uexp" 130
"../../../Engine/Content/EditorLandscapeResources/SplineEditorMesh.ubulk" 131
"../../../Engine/Content/EditorLandscapeResources/SplineEditorMesh.uasset" 132
"../../../Engine/Content/EditorLandscapeResources/SplineEditorMesh.uexp" 133
"../../../Engine/Content/EditorLandscapeResources/WhiteSquareTexture.uasset" 134
"../../../Engine/Content/EditorLandscapeResources/WhiteSquareTexture.uexp" 135
"../../../Engine/Content/EditorLandscapeResources/DefaultAlphaTexture.uasset" 136
"../../../Engine/Content/EditorLandscapeResources/DefaultAlphaTexture.uexp" 137
"../../../Engine/Content/Functions/Engine_MaterialFunctions03/Math/WithinRangeFloat2.uasset" 138
"../../../Engine/Content/Functions/Engine_MaterialFunctions03/Math/WithinRangeFloat2.uexp" 139
"../../../Engine/Content/EditorLandscapeResources/SelectBrushMaterial.uasset" 140
"../../../Engine/Content/EditorLandscapeResources/SelectBrushMaterial.uexp" 141
"../../../Engine/Content/EditorLandscapeResources/SelectBrushMaterial_SelectedRegion.uasset" 142
"../../../Engine/Content/EditorLandscapeResources/SelectBrushMaterial_SelectedRegion.uexp" 143
"../../../Engine/Content/EditorLandscapeResources/SelectBrushMaterial_Selected.uasset" 144
"../../../Engine/Content/EditorLandscapeResources/SelectBrushMaterial_Selected.uexp" 145
"../../../Engine/Content/Functions/Engine_MaterialFunctions02/Utility/MakeFloat3.uasset" 146
"../../../Engine/Content/Functions/Engine_MaterialFunctions02/Utility/MakeFloat3.uexp" 147
"../../../Engine/Content/EditorLandscapeResources/MaskBrushMaterial.uasset" 148
"../../../Engine/Content/EditorLandscapeResources/MaskBrushMaterial.uexp" 149
"../../../Engine/Content/EditorLandscapeResources/MaskBrushMaterial_MaskedRegion.uasset" 150
"../../../Engine/Content/EditorLandscapeResources/MaskBrushMaterial_MaskedRegion.uexp" 151
"../../../Engine/Content/EditorLandscapeResources/LayerVisMaterial.uasset" 152
"../../../Engine/Content/EditorLandscapeResources/LayerVisMaterial.uexp" 153
"../../../Engine/Content/Functions/Engine_MaterialFunctions02/Utility/BreakOutFloat2Components.uasset" 154
"../../../Engine/Content/Functions/Engine_MaterialFunctions02/Utility/BreakOutFloat2Components.uexp" 155
"../../../Engine/Content/Functions/Engine_MaterialFunctions01/Texturing/ScaleUVsByCenter.uasset" 156
"../../../Engine/Content/Functions/Engine_MaterialFunctions01/Texturing/ScaleUVsByCenter.uexp" 157
"../../../Engine/Content/Functions/Engine_MaterialFunctions02/WorldPositionOffset/LocalPosition.uasset" 158
"../../../Engine/Content/Functions/Engine_MaterialFunctions02/WorldPositionOffset/LocalPosition.uexp" 159
"../../../Engine/Content/EngineMaterials/DefaultDiffuse.ubulk" 160
"../../../Engine/Content/EngineMaterials/DefaultDiffuse.uasset" 161
"../../../Engine/Content/EngineMaterials/DefaultDiffuse.uexp" 162
"../../../Engine/Content/Functions/Engine_MaterialFunctions01/Texturing/TextureCropping.uasset" 163
"../../../Engine/Content/Functions/Engine_MaterialFunctions01/Texturing/TextureCropping.uexp" 164
"../../../Engine/Content/Functions/Engine_MaterialFunctions02/ExampleContent/DebugNumberStrip.uasset" 165
"../../../Engine/Content/Functions/Engine_MaterialFunctions02/ExampleContent/DebugNumberStrip.uexp" 166
"../../../Engine/Content/Functions/Engine_MaterialFunctions01/Debug/DebugIntValues.uasset" 167
"../../../Engine/Content/Functions/Engine_MaterialFunctions01/Debug/DebugIntValues.uexp" 168
"../../../Engine/Content/EditorLandscapeResources/LandscapeLayerUsageMaterial.uasset" 169
"../../../Engine/Content/EditorLandscapeResources/LandscapeLayerUsageMaterial.uexp" 170
"../../../Engine/Content/EditorLandscapeResources/LandscapeDirtyMaterial.uasset" 171
"../../../Engine/Content/EditorLandscapeResources/LandscapeDirtyMaterial.uexp" 172
"../../../Engine/Content/EditorLandscapeResources/ColorMaskBrushMaterial.uasset" 173
"../../../Engine/Content/EditorLandscapeResources/ColorMaskBrushMaterial.uexp" 174
"../../../Engine/Content/EditorLandscapeResources/ColorMaskBrushMaterial_MaskedRegion.uasset" 175
"../../../Engine/Content/EditorLandscapeResources/ColorMaskBrushMaterial_MaskedRegion.uexp" 176
"../../../Engine/Content/Functions/Engine_MaterialFunctions02/Utility/VectorLength.uasset" 177
"../../../Engine/Content/Functions/Engine_MaterialFunctions02/Utility/VectorLength.uexp" 178
"../../../Engine/Content/Functions/Engine_MaterialFunctions02/Utility/BreakOutFloat3Components.uasset" 179
"../../../Engine/Content/Functions/Engine_MaterialFunctions02/Utility/BreakOutFloat3Components.uexp" 180
"../../../Engine/Content/Functions/Engine_MaterialFunctions02/WorldPositionOffset/ObjectScale.uasset" 181
"../../../Engine/Content/Functions/Engine_MaterialFunctions02/WorldPositionOffset/ObjectScale.uexp" 182
"../../../Engine/Content/Functions/Engine_MaterialFunctions02/SafeNormalize.uasset" 183
"../../../Engine/Content/Functions/Engine_MaterialFunctions02/SafeNormalize.uexp" 184
"../../../Engine/Plugins/Editor/SpeedTreeImporter/Content/SpeedTree9/UnpackInteger3.uasset" 185
"../../../Engine/Plugins/Editor/SpeedTreeImporter/Content/SpeedTree9/UnpackInteger3.uexp" 186
"../../../Engine/Plugins/Editor/SpeedTreeImporter/Content/SpeedTree9/UnpackDirection.uasset" 187
"../../../Engine/Plugins/Editor/SpeedTreeImporter/Content/SpeedTree9/UnpackDirection.uexp" 188
"../../../Engine/Plugins/Editor/SpeedTreeImporter/Content/SpeedTree9/game_wind_noise.ubulk" 189
"../../../Engine/Plugins/Editor/SpeedTreeImporter/Content/SpeedTree9/game_wind_noise.uasset" 190
"../../../Engine/Plugins/Editor/SpeedTreeImporter/Content/SpeedTree9/game_wind_noise.uexp" 191
"../../../Engine/Plugins/Editor/SpeedTreeImporter/Content/SpeedTree9/SpeedTreeWindMotion.uasset" 192
"../../../Engine/Plugins/Editor/SpeedTreeImporter/Content/SpeedTree9/SpeedTreeWindMotion.uexp" 193
"../../../Engine/Plugins/Editor/SpeedTreeImporter/Content/SpeedTree9/SpeedTreeBranchMotion.uasset" 194
"../../../Engine/Plugins/Editor/SpeedTreeImporter/Content/SpeedTree9/SpeedTreeBranchMotion.uexp" 195
"../../../Engine/Content/Functions/Engine_MaterialFunctions02/ObjectLocalBounds.uasset" 196
"../../../Engine/Content/Functions/Engine_MaterialFunctions02/ObjectLocalBounds.uexp" 197
"../../../Engine/Content/Functions/Engine_MaterialFunctions02/UVs/BoundingBoxBased_0-1_UVW.uasset" 198
"../../../Engine/Content/Functions/Engine_MaterialFunctions02/UVs/BoundingBoxBased_0-1_UVW.uexp" 199
"../../../Engine/Plugins/Editor/SpeedTreeImporter/Content/SpeedTree9/SpeedTreeWind.uasset" 200
"../../../Engine/Plugins/Editor/SpeedTreeImporter/Content/SpeedTree9/SpeedTreeWind.uexp" 201
"../../../Engine/Plugins/Editor/SpeedTreeImporter/Content/SpeedTree9/SpeedTreeCameraFacing.uasset" 202
"../../../Engine/Plugins/Editor/SpeedTreeImporter/Content/SpeedTree9/SpeedTreeCameraFacing.uexp" 203
"../../../Engine/Plugins/Editor/SpeedTreeImporter/Content/SpeedTree9/EmptyNormal.uasset" 204
"../../../Engine/Plugins/Editor/SpeedTreeImporter/Content/SpeedTree9/EmptyNormal.uexp" 205
"../../../Engine/Plugins/Editor/SpeedTreeImporter/Content/SpeedTree9/Empty.uasset" 206
"../../../Engine/Plugins/Editor/SpeedTreeImporter/Content/SpeedTree9/Empty.uexp" 207
"../../../Engine/Plugins/Editor/SpeedTreeImporter/Content/SpeedTree9/SpeedTreeMaster.uasset" 208
"../../../Engine/Plugins/Editor/SpeedTreeImporter/Content/SpeedTree9/SpeedTreeMaster.uexp" 209
"../../../Engine/Plugins/Editor/SpeedTreeImporter/Content/SpeedTree9/SpeedTreeBillboard.uasset" 210
"../../../Engine/Plugins/Editor/SpeedTreeImporter/Content/SpeedTree9/SpeedTreeBillboard.uexp" 211
"../../../Engine/Plugins/Editor/SpeedTreeImporter/Content/SpeedTree9/SpeedTreeBillboardMaster.uasset" 212
"../../../Engine/Plugins/Editor/SpeedTreeImporter/Content/SpeedTree9/SpeedTreeBillboardMaster.uexp" 213
"../../../Engine/Plugins/Animation/ControlRig/Content/Controls/ControlRig_Wedge_solid.ubulk" 214
"../../../Engine/Plugins/Animation/ControlRig/Content/Controls/ControlRig_Wedge_solid.uasset" 215
"../../../Engine/Plugins/Animation/ControlRig/Content/Controls/ControlRig_Wedge_solid.uexp" 216
"../../../Engine/Plugins/Animation/ControlRig/Content/Controls/ControlRig_Wedge_3mm.ubulk" 217
"../../../Engine/Plugins/Animation/ControlRig/Content/Controls/ControlRig_Wedge_3mm.uasset" 218
"../../../Engine/Plugins/Animation/ControlRig/Content/Controls/ControlRig_Wedge_3mm.uexp" 219
"../../../Engine/Plugins/Animation/ControlRig/Content/Controls/ControlRig_Wedge_1mm.ubulk" 220
"../../../Engine/Plugins/Animation/ControlRig/Content/Controls/ControlRig_Wedge_1mm.uasset" 221
"../../../Engine/Plugins/Animation/ControlRig/Content/Controls/ControlRig_Wedge_1mm.uexp" 222
"../../../Engine/Plugins/Animation/ControlRig/Content/Controls/ControlRig_Triangle_solid.ubulk" 223
"../../../Engine/Plugins/Animation/ControlRig/Content/Controls/ControlRig_Triangle_solid.uasset" 224
"../../../Engine/Plugins/Animation/ControlRig/Content/Controls/ControlRig_Triangle_solid.uexp" 225
"../../../Engine/Plugins/Animation/ControlRig/Content/Controls/ControlRig_Triangle_3mm.ubulk" 226
"../../../Engine/Plugins/Animation/ControlRig/Content/Controls/ControlRig_Triangle_3mm.uasset" 227
"../../../Engine/Plugins/Animation/ControlRig/Content/Controls/ControlRig_Triangle_3mm.uexp" 228
"../../../Engine/Plugins/Animation/ControlRig/Content/Controls/ControlRig_Triangle_1mm.ubulk" 229
"../../../Engine/Plugins/Animation/ControlRig/Content/Controls/ControlRig_Triangle_1mm.uasset" 230
"../../../Engine/Plugins/Animation/ControlRig/Content/Controls/ControlRig_Triangle_1mm.uexp" 231
"../../../Engine/Plugins/Animation/ControlRig/Content/Controls/ControlRig_Star4_solid.ubulk" 232
"../../../Engine/Plugins/Animation/ControlRig/Content/Controls/ControlRig_Star4_solid.uasset" 233
"../../../Engine/Plugins/Animation/ControlRig/Content/Controls/ControlRig_Star4_solid.uexp" 234
"../../../Engine/Plugins/Animation/ControlRig/Content/Controls/ControlRig_Star4_3mm.ubulk" 235
"../../../Engine/Plugins/Animation/ControlRig/Content/Controls/ControlRig_Star4_3mm.uasset" 236
"../../../Engine/Plugins/Animation/ControlRig/Content/Controls/ControlRig_Star4_3mm.uexp" 237
"../../../Engine/Plugins/Animation/ControlRig/Content/Controls/ControlRig_Star4_1mm.ubulk" 238
"../../../Engine/Plugins/Animation/ControlRig/Content/Controls/ControlRig_Star4_1mm.uasset" 239
"../../../Engine/Plugins/Animation/ControlRig/Content/Controls/ControlRig_Star4_1mm.uexp" 240
"../../../Engine/Plugins/Animation/ControlRig/Content/Controls/ControlRig_Square_solid.ubulk" 241
"../../../Engine/Plugins/Animation/ControlRig/Content/Controls/ControlRig_Square_solid.uasset" 242
"../../../Engine/Plugins/Animation/ControlRig/Content/Controls/ControlRig_Square_solid.uexp" 243
"../../../Engine/Plugins/Animation/ControlRig/Content/Controls/ControlRig_Square_3mm.ubulk" 244
"../../../Engine/Plugins/Animation/ControlRig/Content/Controls/ControlRig_Square_3mm.uasset" 245
"../../../Engine/Plugins/Animation/ControlRig/Content/Controls/ControlRig_Square_3mm.uexp" 246
"../../../Engine/Plugins/Animation/ControlRig/Content/Controls/ControlRig_Square_1mm.ubulk" 247
"../../../Engine/Plugins/Animation/ControlRig/Content/Controls/ControlRig_Square_1mm.uasset" 248
"../../../Engine/Plugins/Animation/ControlRig/Content/Controls/ControlRig_Square_1mm.uexp" 249
"../../../Engine/Plugins/Animation/ControlRig/Content/Controls/ControlRig_Sphere_solid.ubulk" 250
"../../../Engine/Plugins/Animation/ControlRig/Content/Controls/ControlRig_Sphere_solid.uasset" 251
"../../../Engine/Plugins/Animation/ControlRig/Content/Controls/ControlRig_Sphere_solid.uexp" 252
"../../../Engine/Plugins/Animation/ControlRig/Content/Controls/ControlRig_Sphere_3mm.ubulk" 253
"../../../Engine/Plugins/Animation/ControlRig/Content/Controls/ControlRig_Sphere_3mm.uasset" 254
"../../../Engine/Plugins/Animation/ControlRig/Content/Controls/ControlRig_Sphere_3mm.uexp" 255
"../../../Engine/Plugins/Animation/ControlRig/Content/Controls/ControlRig_Sphere_1mm.ubulk" 256
"../../../Engine/Plugins/Animation/ControlRig/Content/Controls/ControlRig_Sphere_1mm.uasset" 257
"../../../Engine/Plugins/Animation/ControlRig/Content/Controls/ControlRig_Sphere_1mm.uexp" 258
"../../../Engine/Plugins/Animation/ControlRig/Content/Controls/ControlRig_RoundedTriangle_solid.ubulk" 259
"../../../Engine/Plugins/Animation/ControlRig/Content/Controls/ControlRig_RoundedTriangle_solid.uasset" 260
"../../../Engine/Plugins/Animation/ControlRig/Content/Controls/ControlRig_RoundedTriangle_solid.uexp" 261
"../../../Engine/Plugins/Animation/ControlRig/Content/Controls/ControlRig_RoundedTriangle_3mm.ubulk" 262
"../../../Engine/Plugins/Animation/ControlRig/Content/Controls/ControlRig_RoundedTriangle_3mm.uasset" 263
"../../../Engine/Plugins/Animation/ControlRig/Content/Controls/ControlRig_RoundedTriangle_3mm.uexp" 264
"../../../Engine/Plugins/Animation/ControlRig/Content/Controls/ControlRig_RoundedTriangle_1mm.ubulk" 265
"../../../Engine/Plugins/Animation/ControlRig/Content/Controls/ControlRig_RoundedTriangle_1mm.uasset" 266
"../../../Engine/Plugins/Animation/ControlRig/Content/Controls/ControlRig_RoundedTriangle_1mm.uexp" 267
"../../../Engine/Plugins/Animation/ControlRig/Content/Controls/ControlRig_RoundedSquare_solid.ubulk" 268
"../../../Engine/Plugins/Animation/ControlRig/Content/Controls/ControlRig_RoundedSquare_solid.uasset" 269
"../../../Engine/Plugins/Animation/ControlRig/Content/Controls/ControlRig_RoundedSquare_solid.uexp" 270
"../../../Engine/Plugins/Animation/ControlRig/Content/Controls/ControlRig_RoundedSquare_3mm.ubulk" 271
"../../../Engine/Plugins/Animation/ControlRig/Content/Controls/ControlRig_RoundedSquare_3mm.uasset" 272
"../../../Engine/Plugins/Animation/ControlRig/Content/Controls/ControlRig_RoundedSquare_3mm.uexp" 273
"../../../Engine/Plugins/Animation/ControlRig/Content/Controls/ControlRig_RoundedSquare_1mm.ubulk" 274
"../../../Engine/Plugins/Animation/ControlRig/Content/Controls/ControlRig_RoundedSquare_1mm.uasset" 275
"../../../Engine/Plugins/Animation/ControlRig/Content/Controls/ControlRig_RoundedSquare_1mm.uexp" 276
"../../../Engine/Plugins/Animation/ControlRig/Content/Controls/ControlRig_QuarterCircle_solid.ubulk" 277
"../../../Engine/Plugins/Animation/ControlRig/Content/Controls/ControlRig_QuarterCircle_solid.uasset" 278
"../../../Engine/Plugins/Animation/ControlRig/Content/Controls/ControlRig_QuarterCircle_solid.uexp" 279
"../../../Engine/Plugins/Animation/ControlRig/Content/Controls/ControlRig_QuarterCircle_3mm.ubulk" 280
"../../../Engine/Plugins/Animation/ControlRig/Content/Controls/ControlRig_QuarterCircle_3mm.uasset" 281
"../../../Engine/Plugins/Animation/ControlRig/Content/Controls/ControlRig_QuarterCircle_3mm.uexp" 282
"../../../Engine/Plugins/Animation/ControlRig/Content/Controls/ControlRig_QuarterCircle_1mm.ubulk" 283
"../../../Engine/Plugins/Animation/ControlRig/Content/Controls/ControlRig_QuarterCircle_1mm.uasset" 284
"../../../Engine/Plugins/Animation/ControlRig/Content/Controls/ControlRig_QuarterCircle_1mm.uexp" 285
"../../../Engine/Plugins/Animation/ControlRig/Content/Controls/ControlRig_Pyramid_solid.ubulk" 286
"../../../Engine/Plugins/Animation/ControlRig/Content/Controls/ControlRig_Pyramid_solid.uasset" 287
"../../../Engine/Plugins/Animation/ControlRig/Content/Controls/ControlRig_Pyramid_solid.uexp" 288
"../../../Engine/Plugins/Animation/ControlRig/Content/Controls/ControlRig_Pyramid_3mm.ubulk" 289
"../../../Engine/Plugins/Animation/ControlRig/Content/Controls/ControlRig_Pyramid_3mm.uasset" 290
"../../../Engine/Plugins/Animation/ControlRig/Content/Controls/ControlRig_Pyramid_3mm.uexp" 291
"../../../Engine/Plugins/Animation/ControlRig/Content/Controls/ControlRig_Pyramid_1mm.ubulk" 292
"../../../Engine/Plugins/Animation/ControlRig/Content/Controls/ControlRig_Pyramid_1mm.uasset" 293
"../../../Engine/Plugins/Animation/ControlRig/Content/Controls/ControlRig_Pyramid_1mm.uexp" 294
"../../../Engine/Plugins/Animation/ControlRig/Content/Controls/ControlRig_Octagon_solid.ubulk" 295
"../../../Engine/Plugins/Animation/ControlRig/Content/Controls/ControlRig_Octagon_solid.uasset" 296
"../../../Engine/Plugins/Animation/ControlRig/Content/Controls/ControlRig_Octagon_solid.uexp" 297
"../../../Engine/Plugins/Animation/ControlRig/Content/Controls/ControlRig_Octagon_3mm.ubulk" 298
"../../../Engine/Plugins/Animation/ControlRig/Content/Controls/ControlRig_Octagon_3mm.uasset" 299
"../../../Engine/Plugins/Animation/ControlRig/Content/Controls/ControlRig_Octagon_3mm.uexp" 300
"../../../Engine/Content/VREditor/TransformGizmo/Xray.uasset" 301
"../../../Engine/Content/VREditor/TransformGizmo/Xray.uexp" 302
"../../../Engine/Content/VREditor/TransformGizmo/Main.uasset" 303
"../../../Engine/Content/VREditor/TransformGizmo/Main.uexp" 304
"../../../Engine/Content/VREditor/TransformGizmo/SM_Sequencer_Node.ubulk" 305
"../../../Engine/Content/VREditor/TransformGizmo/SM_Sequencer_Node.uasset" 306
"../../../Engine/Content/VREditor/TransformGizmo/SM_Sequencer_Node.uexp" 307
"../../../Engine/Plugins/Animation/ControlRig/Content/Controls/ControlRig_Octagon_1mm.ubulk" 308
"../../../Engine/Plugins/Animation/ControlRig/Content/Controls/ControlRig_Octagon_1mm.uasset" 309
"../../../Engine/Plugins/Animation/ControlRig/Content/Controls/ControlRig_Octagon_1mm.uexp" 310
"../../../Engine/Plugins/Animation/ControlRig/Content/Controls/ControlRig_Hexagon_solid.ubulk" 311
"../../../Engine/Plugins/Animation/ControlRig/Content/Controls/ControlRig_Hexagon_solid.uasset" 312
"../../../Engine/Plugins/Animation/ControlRig/Content/Controls/ControlRig_Hexagon_solid.uexp" 313
"../../../Engine/Plugins/Animation/ControlRig/Content/Controls/ControlRig_Hexagon_3mm.ubulk" 314
"../../../Engine/Plugins/Animation/ControlRig/Content/Controls/ControlRig_Hexagon_3mm.uasset" 315
"../../../Engine/Plugins/Animation/ControlRig/Content/Controls/ControlRig_Hexagon_3mm.uexp" 316
"../../../Engine/Plugins/Animation/ControlRig/Content/Controls/ControlRig_Hexagon_1mm.ubulk" 317
"../../../Engine/Plugins/Animation/ControlRig/Content/Controls/ControlRig_Hexagon_1mm.uasset" 318
"../../../Engine/Plugins/Animation/ControlRig/Content/Controls/ControlRig_Hexagon_1mm.uexp" 319
"../../../Engine/Plugins/Animation/ControlRig/Content/Controls/ControlRig_HalfCircle_solid.ubulk" 320
"../../../Engine/Plugins/Animation/ControlRig/Content/Controls/ControlRig_HalfCircle_solid.uasset" 321
"../../../Engine/Plugins/Animation/ControlRig/Content/Controls/ControlRig_HalfCircle_solid.uexp" 322
"../../../Engine/Plugins/Animation/ControlRig/Content/Controls/ControlRig_HalfCircle_3mm.ubulk" 323
"../../../Engine/Plugins/Animation/ControlRig/Content/Controls/ControlRig_HalfCircle_3mm.uasset" 324
"../../../Engine/Plugins/Animation/ControlRig/Content/Controls/ControlRig_HalfCircle_3mm.uexp" 325
"../../../Engine/Plugins/Animation/ControlRig/Content/Controls/ControlRig_HalfCircle_1mm.ubulk" 326
"../../../Engine/Plugins/Animation/ControlRig/Content/Controls/ControlRig_HalfCircle_1mm.uasset" 327
"../../../Engine/Plugins/Animation/ControlRig/Content/Controls/ControlRig_HalfCircle_1mm.uexp" 328
"../../../Engine/Plugins/Animation/ControlRig/Content/Controls/ControlRig_Diamond_solid.ubulk" 329
"../../../Engine/Plugins/Animation/ControlRig/Content/Controls/ControlRig_Diamond_solid.uasset" 330
"../../../Engine/Plugins/Animation/ControlRig/Content/Controls/ControlRig_Diamond_solid.uexp" 331
"../../../Engine/Plugins/Animation/ControlRig/Content/Controls/ControlRig_Diamond_3mm.ubulk" 332
"../../../Engine/Plugins/Animation/ControlRig/Content/Controls/ControlRig_Diamond_3mm.uasset" 333
"../../../Engine/Plugins/Animation/ControlRig/Content/Controls/ControlRig_Diamond_3mm.uexp" 334
"../../../Engine/Plugins/Animation/ControlRig/Content/Controls/ControlRig_Diamond_1mm.ubulk" 335
"../../../Engine/Plugins/Animation/ControlRig/Content/Controls/ControlRig_Diamond_1mm.uasset" 336
"../../../Engine/Plugins/Animation/ControlRig/Content/Controls/ControlRig_Diamond_1mm.uexp" 337
"../../../Engine/Plugins/Animation/ControlRig/Content/Controls/ControlRig_Circle_solid.ubulk" 338
"../../../Engine/Plugins/Animation/ControlRig/Content/Controls/ControlRig_Circle_solid.uasset" 339
"../../../Engine/Plugins/Animation/ControlRig/Content/Controls/ControlRig_Circle_solid.uexp" 340
"../../../Engine/Plugins/Animation/ControlRig/Content/Controls/ControlRig_Circle_3mm.ubulk" 341
"../../../Engine/Plugins/Animation/ControlRig/Content/Controls/ControlRig_Circle_3mm.uasset" 342
"../../../Engine/Plugins/Animation/ControlRig/Content/Controls/ControlRig_Circle_3mm.uexp" 343
"../../../Engine/Plugins/Animation/ControlRig/Content/Controls/ControlRig_Circle_1mm.ubulk" 344
"../../../Engine/Plugins/Animation/ControlRig/Content/Controls/ControlRig_Circle_1mm.uasset" 345
"../../../Engine/Plugins/Animation/ControlRig/Content/Controls/ControlRig_Circle_1mm.uexp" 346
"../../../Engine/Plugins/Animation/ControlRig/Content/Controls/ControlRig_Box_solid.ubulk" 347
"../../../Engine/Plugins/Animation/ControlRig/Content/Controls/ControlRig_Box_solid.uasset" 348
"../../../Engine/Plugins/Animation/ControlRig/Content/Controls/ControlRig_Box_solid.uexp" 349
"../../../Engine/Plugins/Animation/ControlRig/Content/Controls/ControlRig_Box_3mm.ubulk" 350
"../../../Engine/Plugins/Animation/ControlRig/Content/Controls/ControlRig_Box_3mm.uasset" 351
"../../../Engine/Plugins/Animation/ControlRig/Content/Controls/ControlRig_Box_3mm.uexp" 352
"../../../Engine/Plugins/Animation/ControlRig/Content/Controls/ControlRig_Box_1mm.ubulk" 353
"../../../Engine/Plugins/Animation/ControlRig/Content/Controls/ControlRig_Box_1mm.uasset" 354
"../../../Engine/Plugins/Animation/ControlRig/Content/Controls/ControlRig_Box_1mm.uexp" 355
"../../../Engine/Plugins/Animation/ControlRig/Content/Controls/ControlRig_Arrow_solid.ubulk" 356
"../../../Engine/Plugins/Animation/ControlRig/Content/Controls/ControlRig_Arrow_solid.uasset" 357
"../../../Engine/Plugins/Animation/ControlRig/Content/Controls/ControlRig_Arrow_solid.uexp" 358
"../../../Engine/Plugins/Animation/ControlRig/Content/Controls/ControlRig_Arrow_3mm.ubulk" 359
"../../../Engine/Plugins/Animation/ControlRig/Content/Controls/ControlRig_Arrow_3mm.uasset" 360
"../../../Engine/Plugins/Animation/ControlRig/Content/Controls/ControlRig_Arrow_3mm.uexp" 361
"../../../Engine/Plugins/Animation/ControlRig/Content/Controls/ControlRig_Arrow_1mm.ubulk" 362
"../../../Engine/Plugins/Animation/ControlRig/Content/Controls/ControlRig_Arrow_1mm.uasset" 363
"../../../Engine/Plugins/Animation/ControlRig/Content/Controls/ControlRig_Arrow_1mm.uexp" 364
"../../../Engine/Plugins/Animation/ControlRig/Content/Controls/ControlRig_Arrow4_solid.ubulk" 365
"../../../Engine/Plugins/Animation/ControlRig/Content/Controls/ControlRig_Arrow4_solid.uasset" 366
"../../../Engine/Plugins/Animation/ControlRig/Content/Controls/ControlRig_Arrow4_solid.uexp" 367
"../../../Engine/Plugins/Animation/ControlRig/Content/Controls/ControlRig_Arrow4_3mm.ubulk" 368
"../../../Engine/Plugins/Animation/ControlRig/Content/Controls/ControlRig_Arrow4_3mm.uasset" 369
"../../../Engine/Plugins/Animation/ControlRig/Content/Controls/ControlRig_Arrow4_3mm.uexp" 370
"../../../Engine/Plugins/Animation/ControlRig/Content/Controls/ControlRig_Arrow4_1mm.ubulk" 371
"../../../Engine/Plugins/Animation/ControlRig/Content/Controls/ControlRig_Arrow4_1mm.uasset" 372
"../../../Engine/Plugins/Animation/ControlRig/Content/Controls/ControlRig_Arrow4_1mm.uexp" 373
"../../../Engine/Plugins/Animation/ControlRig/Content/Controls/ControlRig_Arrow2_solid.ubulk" 374
"../../../Engine/Plugins/Animation/ControlRig/Content/Controls/ControlRig_Arrow2_solid.uasset" 375
"../../../Engine/Plugins/Animation/ControlRig/Content/Controls/ControlRig_Arrow2_solid.uexp" 376
"../../../Engine/Plugins/Animation/ControlRig/Content/Controls/ControlRig_Arrow2_3mm.ubulk" 377
"../../../Engine/Plugins/Animation/ControlRig/Content/Controls/ControlRig_Arrow2_3mm.uasset" 378
"../../../Engine/Plugins/Animation/ControlRig/Content/Controls/ControlRig_Arrow2_3mm.uexp" 379
"../../../Engine/Plugins/Animation/ControlRig/Content/Controls/ControlRig_Arrow2_1mm.ubulk" 380
"../../../Engine/Plugins/Animation/ControlRig/Content/Controls/ControlRig_Arrow2_1mm.uasset" 381
"../../../Engine/Plugins/Animation/ControlRig/Content/Controls/ControlRig_Arrow2_1mm.uexp" 382
"../../../Engine/Plugins/Animation/ControlRig/Content/Controls/ControlRigXRayMaterial.uasset" 383
"../../../Engine/Plugins/Animation/ControlRig/Content/Controls/ControlRigXRayMaterial.uexp" 384
"../../../Engine/Plugins/Animation/ControlRig/Content/Controls/ControlRigGizmoMaterial.uasset" 385
"../../../Engine/Plugins/Animation/ControlRig/Content/Controls/ControlRigGizmoMaterial.uexp" 386
"../../../Engine/Content/EngineResources/LandscapeVisibilityLayerInfo.uasset" 387
"../../../Engine/Content/EngineResources/LandscapeVisibilityLayerInfo.uexp" 388
"../../../Engine/Content/EngineResources/WhiteSquareTexture.uasset" 389
"../../../Engine/Content/EngineResources/WhiteSquareTexture.uexp" 390
"../../../Engine/Content/EngineMaterials/Widget3DPassThrough.uasset" 391
"../../../Engine/Content/EngineMaterials/Widget3DPassThrough.uexp" 392
"../../../Engine/Content/EngineMaterials/Widget3DPassThrough_Translucent.uasset" 393
"../../../Engine/Content/EngineMaterials/Widget3DPassThrough_Translucent.uexp" 394
"../../../Engine/Content/EngineMaterials/Widget3DPassThrough_Translucent_OneSided.uasset" 395
"../../../Engine/Content/EngineMaterials/Widget3DPassThrough_Translucent_OneSided.uexp" 396
"../../../Engine/Content/EngineMaterials/Widget3DPassThrough_Opaque.uasset" 397
"../../../Engine/Content/EngineMaterials/Widget3DPassThrough_Opaque.uexp" 398
"../../../Engine/Content/EngineMaterials/Widget3DPassThrough_Opaque_OneSided.uasset" 399
"../../../Engine/Content/EngineMaterials/Widget3DPassThrough_Opaque_OneSided.uexp" 400
"../../../Engine/Content/EngineMaterials/Widget3DPassThrough_Masked_OneSided.uasset" 401
"../../../Engine/Content/EngineMaterials/Widget3DPassThrough_Masked_OneSided.uexp" 402
"../../../Engine/Content/EngineMaterials/Widget3DPassThrough_Masked.uasset" 403
"../../../Engine/Content/EngineMaterials/Widget3DPassThrough_Masked.uexp" 404
"../../../Engine/Content/EngineMaterials/WeightMapPlaceholderTexture.uasset" 405
"../../../Engine/Content/EngineMaterials/WeightMapPlaceholderTexture.uexp" 406
"../../../Engine/Content/EngineMaterials/WeightMapArrayPlaceholderTexture.uasset" 407
"../../../Engine/Content/EngineMaterials/WeightMapArrayPlaceholderTexture.uexp" 408
"../../../Engine/Content/EngineMaterials/RemoveSurfaceMaterial.uasset" 409
"../../../Engine/Content/EngineMaterials/RemoveSurfaceMaterial.uexp" 410
"../../../Engine/Content/EngineMaterials/PreintegratedSkinBRDF.uasset" 411
"../../../Engine/Content/EngineMaterials/PreintegratedSkinBRDF.uexp" 412
"../../../Engine/Content/EngineMaterials/DefaultCalibrationGrayscale.uasset" 413
"../../../Engine/Content/EngineMaterials/DefaultCalibrationGrayscale.uexp" 414
"../../../Engine/Content/EngineMaterials/PPM_DefaultCalibrationGrayscale.uasset" 415
"../../../Engine/Content/EngineMaterials/PPM_DefaultCalibrationGrayscale.uexp" 416
"../../../Engine/Content/EngineMaterials/DefaultCalibrationColor.uasset" 417
"../../../Engine/Content/EngineMaterials/DefaultCalibrationColor.uexp" 418
"../../../Engine/Content/EngineMaterials/PPM_DefaultCalibrationColor.uasset" 419
"../../../Engine/Content/EngineMaterials/PPM_DefaultCalibrationColor.uexp" 420
"../../../Engine/Content/EngineMaterials/PhAT_JointLimitMaterial.uasset" 421
"../../../Engine/Content/EngineMaterials/PhAT_JointLimitMaterial.uexp" 422
"../../../Engine/Content/EngineMaterials/NaniteHiddenSectionMaterial.uasset" 423
"../../../Engine/Content/EngineMaterials/NaniteHiddenSectionMaterial.uexp" 424
"../../../Engine/Content/EngineMaterials/InvalidLightmapSettings.ubulk" 425
"../../../Engine/Content/EngineMaterials/InvalidLightmapSettings.uasset" 426
"../../../Engine/Content/EngineMaterials/InvalidLightmapSettings.uexp" 427
"../../../Engine/Content/EngineMaterials/M_InvalidLightmapSettings.uasset" 428
"../../../Engine/Content/EngineMaterials/M_InvalidLightmapSettings.uexp" 429
"../../../Engine/Content/EngineMaterials/MiniFont.uasset" 430
"../../../Engine/Content/EngineMaterials/MiniFont.uexp" 431
"../../../Engine/Content/EngineMaterials/GizmoMaterial.uasset" 432
"../../../Engine/Content/EngineMaterials/GizmoMaterial.uexp" 433
"../../../Engine/Content/EngineMaterials/BaseFlattenDiffuseMap_VT.uasset" 434
"../../../Engine/Content/EngineMaterials/BaseFlattenDiffuseMap_VT.uexp" 435
"../../../Engine/Content/EngineMaterials/BaseFlattenEmissiveMap_VT.uasset" 436
"../../../Engine/Content/EngineMaterials/BaseFlattenEmissiveMap_VT.uexp" 437
"../../../Engine/Content/EngineMaterials/BaseFlattenGrayscaleMap_VT.uasset" 438
"../../../Engine/Content/EngineMaterials/BaseFlattenGrayscaleMap_VT.uexp" 439
"../../../Engine/Content/EngineMaterials/BaseFlattenLinearColor_VT.uasset" 440
"../../../Engine/Content/EngineMaterials/BaseFlattenLinearColor_VT.uexp" 441
"../../../Engine/Content/EngineMaterials/BaseFlattenNormalMap_VT.uasset" 442
"../../../Engine/Content/EngineMaterials/BaseFlattenNormalMap_VT.uexp" 443
"../../../Engine/Content/EngineMaterials/Black_1x1_EXR_Texture_VT.uasset" 444
"../../../Engine/Content/EngineMaterials/Black_1x1_EXR_Texture_VT.uexp" 445
"../../../Engine/Content/EngineMaterials/FlattenMaterial_WS_Normal_VT.uasset" 446
"../../../Engine/Content/EngineMaterials/FlattenMaterial_WS_Normal_VT.uexp" 447
"../../../Engine/Content/EngineMaterials/FlattenMaterial_VT.uasset" 448
"../../../Engine/Content/EngineMaterials/FlattenMaterial_VT.uexp" 449
"../../../Engine/Content/EngineMaterials/BaseFlattenNormalMap.uasset" 450
"../../../Engine/Content/EngineMaterials/BaseFlattenNormalMap.uexp" 451
"../../../Engine/Content/EngineMaterials/BaseFlattenDiffuseMap.uasset" 452
"../../../Engine/Content/EngineMaterials/BaseFlattenDiffuseMap.uexp" 453
"../../../Engine/Content/EngineMaterials/BaseFlattenEmissiveMap.uasset" 454
"../../../Engine/Content/EngineMaterials/BaseFlattenEmissiveMap.uexp" 455
"../../../Engine/Content/EngineMaterials/BaseFlattenGrayscaleMap.uasset" 456
"../../../Engine/Content/EngineMaterials/BaseFlattenGrayscaleMap.uexp" 457
"../../../Engine/Content/EngineMaterials/BaseFlattenLinearColor.uasset" 458
"../../../Engine/Content/EngineMaterials/BaseFlattenLinearColor.uexp" 459
"../../../Engine/Content/Functions/Engine_MaterialFunctions02/PivotPainter2/Black_1x1_EXR_Texture.uasset" 460
"../../../Engine/Content/Functions/Engine_MaterialFunctions02/PivotPainter2/Black_1x1_EXR_Texture.uexp" 461
"../../../Engine/Content/EngineMaterials/FlattenMaterial.uasset" 462
"../../../Engine/Content/EngineMaterials/FlattenMaterial.uexp" 463
"../../../Engine/Content/EngineMaterials/FastBlueNoise_vec2_128x128x64.uasset" 464
"../../../Engine/Content/EngineMaterials/FastBlueNoise_vec2_128x128x64.uexp" 465
"../../../Engine/Content/EngineMaterials/FastBlueNoise_scalar_128x128x8.uasset" 466
"../../../Engine/Content/EngineMaterials/FastBlueNoise_scalar_128x128x8.uexp" 467
"../../../Engine/Content/EngineMaterials/FastBlueNoise_scalar_128x128x64.uasset" 468
"../../../Engine/Content/EngineMaterials/FastBlueNoise_scalar_128x128x64.uexp" 469
"../../../Engine/Content/EngineMaterials/DefaultWhiteGrid_Low.uasset" 470
"../../../Engine/Content/EngineMaterials/DefaultWhiteGrid_Low.uexp" 471
"../../../Engine/Content/EngineMaterials/EmissiveMeshMaterial.uasset" 472
"../../../Engine/Content/EngineMaterials/EmissiveMeshMaterial.uexp" 473
"../../../Engine/Content/EngineMaterials/DefaultWhiteGrid.ubulk" 474
"../../../Engine/Content/EngineMaterials/DefaultWhiteGrid.uasset" 475
"../../../Engine/Content/EngineMaterials/DefaultWhiteGrid.uexp" 476
"../../../Engine/Content/EngineFonts/RobotoDistanceField.uasset" 477
"../../../Engine/Content/EngineFonts/RobotoDistanceField.uexp" 478
"../../../Engine/Content/EngineMaterials/DefaultTextMaterialOpaque.uasset" 479
"../../../Engine/Content/EngineMaterials/DefaultTextMaterialOpaque.uexp" 480
"../../../Engine/Content/EngineMaterials/DefaultPostProcessMaterial.uasset" 481
"../../../Engine/Content/EngineMaterials/DefaultPostProcessMaterial.uexp" 482
"../../../Engine/Content/EngineMaterials/DefaultLightFunctionMaterial.uasset" 483
"../../../Engine/Content/EngineMaterials/DefaultLightFunctionMaterial.uexp" 484
"../../../Engine/Content/EngineMaterials/DefaultDeferredDecalMaterial.uasset" 485
"../../../Engine/Content/EngineMaterials/DefaultDeferredDecalMaterial.uexp" 486
"../../../Engine/Content/EngineMaterials/DefaultBokeh.uasset" 487
"../../../Engine/Content/EngineMaterials/DefaultBokeh.uexp" 488
"../../../Engine/Content/EngineMaterials/DefaultBloomKernel.uasset" 489
"../../../Engine/Content/EngineMaterials/DefaultBloomKernel.uexp" 490
"../../../Engine/Content/Functions/Engine_MaterialFunctions02/Utility/CameraDirectionVector.uasset" 491
"../../../Engine/Content/Functions/Engine_MaterialFunctions02/Utility/CameraDirectionVector.uexp" 492
"../../../Engine/Content/EngineDebugMaterials/VolumeToRender.uasset" 493
"../../../Engine/Content/EngineDebugMaterials/VolumeToRender.uexp" 494
"../../../Engine/Content/EngineDebugMaterials/M_VolumeRenderSphereTracePP.uasset" 495
"../../../Engine/Content/EngineDebugMaterials/M_VolumeRenderSphereTracePP.uexp" 496
"../../../Engine/Content/EngineDebugMaterials/M_SimpleUnlitTranslucent.uasset" 497
"../../../Engine/Content/EngineDebugMaterials/M_SimpleUnlitTranslucent.uexp" 498
"../../../Engine/Content/EngineDebugMaterials/DebugMeshMaterial.uasset" 499
"../../../Engine/Content/EngineDebugMaterials/DebugMeshMaterial.uexp" 500
"../../../Engine/Content/EngineDebugMaterials/DebugEditorMaterial.uasset" 501
"../../../Engine/Content/EngineDebugMaterials/DebugEditorMaterial.uexp" 502
"../../../Engine/Content/EngineDamageTypes/DmgTypeBP_Environmental.uasset" 503
"../../../Engine/Content/EngineDamageTypes/DmgTypeBP_Environmental.uexp" 504
"C:/Users/Utkarsh Anand/Documents/Unreal Projects/CR_Send_Mail/Content/FONT/IMPACT.uexp" 505
"C:/Users/Utkarsh Anand/Documents/Unreal Projects/CR_Send_Mail/Content/FONT/IMPACT.uasset" 506
"C:/Users/Utkarsh Anand/Documents/Unreal Projects/CR_Send_Mail/Content/FONT/IMPACT.ufont" 507
"C:/Users/Utkarsh Anand/Documents/Unreal Projects/CR_Send_Mail/Content/FONT/Impact_Font.uasset" 508
"C:/Users/Utkarsh Anand/Documents/Unreal Projects/CR_Send_Mail/Content/FONT/Impact_Font.uexp" 509
"C:/Users/Utkarsh Anand/Documents/Unreal Projects/CR_Send_Mail/Content/Materials/White_Mat.uasset" 510
"C:/Users/Utkarsh Anand/Documents/Unreal Projects/CR_Send_Mail/Content/Materials/White_Mat.uexp" 511
"C:/Users/Utkarsh Anand/Documents/Unreal Projects/CR_Send_Mail/Content/DATA/Struct_MapLocations.uasset" 512
"C:/Users/Utkarsh Anand/Documents/Unreal Projects/CR_Send_Mail/Content/DATA/Struct_MapLocations.uexp" 513
"C:/Users/Utkarsh Anand/Documents/Unreal Projects/CR_Send_Mail/Content/DATA/DT_MapLocations.uasset" 514
"C:/Users/Utkarsh Anand/Documents/Unreal Projects/CR_Send_Mail/Content/DATA/DT_MapLocations.uexp" 515
"C:/Users/Utkarsh Anand/Documents/Unreal Projects/CR_Send_Mail/Content/UI/Page-Unchcked.uasset" 516
"C:/Users/Utkarsh Anand/Documents/Unreal Projects/CR_Send_Mail/Content/UI/Page-Unchcked.uexp" 517
"C:/Users/Utkarsh Anand/Documents/Unreal Projects/CR_Send_Mail/Content/UI/Page-Checked.uasset" 518
"C:/Users/Utkarsh Anand/Documents/Unreal Projects/CR_Send_Mail/Content/UI/Page-Checked.uexp" 519
"C:/Users/Utkarsh Anand/Documents/Unreal Projects/CR_Send_Mail/Content/Widget/WID_PageToggle.uasset" 520
"C:/Users/Utkarsh Anand/Documents/Unreal Projects/CR_Send_Mail/Content/Widget/WID_PageToggle.uexp" 521
"C:/Users/Utkarsh Anand/Documents/Unreal Projects/CR_Send_Mail/Content/UI/Send_Button_Clicked.uasset" 522
"C:/Users/Utkarsh Anand/Documents/Unreal Projects/CR_Send_Mail/Content/UI/Send_Button_Clicked.uexp" 523
"C:/Users/Utkarsh Anand/Documents/Unreal Projects/CR_Send_Mail/Content/UI/Send_Button.uasset" 524
"C:/Users/Utkarsh Anand/Documents/Unreal Projects/CR_Send_Mail/Content/UI/Send_Button.uexp" 525
"C:/Users/Utkarsh Anand/Documents/Unreal Projects/CR_Send_Mail/Content/Widget/WID_MapUI.uasset" 526
"C:/Users/Utkarsh Anand/Documents/Unreal Projects/CR_Send_Mail/Content/Widget/WID_MapUI.uexp" 527
"C:/Users/Utkarsh Anand/Documents/Unreal Projects/CR_Send_Mail/Content/Materials/Red_Mat.uasset" 528
"C:/Users/Utkarsh Anand/Documents/Unreal Projects/CR_Send_Mail/Content/Materials/Red_Mat.uexp" 529
"../../../Engine/Content/BasicShapes/Cube.ubulk" 530
"../../../Engine/Content/BasicShapes/Cube.uasset" 531
"../../../Engine/Content/BasicShapes/Cube.uexp" 532
"../../../Engine/Content/BasicShapes/BasicShapeMaterial.uasset" 533
"../../../Engine/Content/BasicShapes/BasicShapeMaterial.uexp" 534
"C:/Users/Utkarsh Anand/Documents/Unreal Projects/CR_Send_Mail/Content/References/ROOM_1.uasset" 535
"C:/Users/Utkarsh Anand/Documents/Unreal Projects/CR_Send_Mail/Content/References/ROOM_1.uexp" 536
"C:/Users/Utkarsh Anand/Documents/Unreal Projects/CR_Send_Mail/Content/References/Room_2.uasset" 537
"C:/Users/Utkarsh Anand/Documents/Unreal Projects/CR_Send_Mail/Content/References/Room_2.uexp" 538
"C:/Users/Utkarsh Anand/Documents/Unreal Projects/CR_Send_Mail/Content/References/Room_3.uasset" 539
"C:/Users/Utkarsh Anand/Documents/Unreal Projects/CR_Send_Mail/Content/References/Room_3.uexp" 540
"C:/Users/Utkarsh Anand/Documents/Unreal Projects/CR_Send_Mail/Content/References/Room_4.uasset" 541
"C:/Users/Utkarsh Anand/Documents/Unreal Projects/CR_Send_Mail/Content/References/Room_4.uexp" 542
"C:/Users/Utkarsh Anand/Documents/Unreal Projects/CR_Send_Mail/Content/References/ROOM_5.uasset" 543
"C:/Users/Utkarsh Anand/Documents/Unreal Projects/CR_Send_Mail/Content/References/ROOM_5.uexp" 544
"C:/Users/Utkarsh Anand/Documents/Unreal Projects/CR_Send_Mail/Content/Materials/Red_Mat2.uasset" 545
"C:/Users/Utkarsh Anand/Documents/Unreal Projects/CR_Send_Mail/Content/Materials/Red_Mat2.uexp" 546
"C:/Users/Utkarsh Anand/Documents/Unreal Projects/CR_Send_Mail/Content/Widget/WID_Profssors_Name_Stacks.uasset" 547
"C:/Users/Utkarsh Anand/Documents/Unreal Projects/CR_Send_Mail/Content/Widget/WID_Profssors_Name_Stacks.uexp" 548
"C:/Users/Utkarsh Anand/Documents/Unreal Projects/CR_Send_Mail/Content/DATA/Struct_FacultyStrct.uasset" 549
"C:/Users/Utkarsh Anand/Documents/Unreal Projects/CR_Send_Mail/Content/DATA/Struct_FacultyStrct.uexp" 550
"C:/Users/Utkarsh Anand/Documents/Unreal Projects/CR_Send_Mail/Content/DATA/DT_FACULTY.uasset" 551
"C:/Users/Utkarsh Anand/Documents/Unreal Projects/CR_Send_Mail/Content/DATA/DT_FACULTY.uexp" 552
"C:/Users/Utkarsh Anand/Documents/Unreal Projects/CR_Send_Mail/Content/Widget/WID_DROPDOWN.uasset" 553
"C:/Users/Utkarsh Anand/Documents/Unreal Projects/CR_Send_Mail/Content/Widget/WID_DROPDOWN.uexp" 554
"C:/Users/Utkarsh Anand/Documents/Unreal Projects/CR_Send_Mail/Content/UI/TextBox.uasset" 555
"C:/Users/Utkarsh Anand/Documents/Unreal Projects/CR_Send_Mail/Content/UI/TextBox.uexp" 556
"C:/Users/Utkarsh Anand/Documents/Unreal Projects/CR_Send_Mail/Content/UI/red_circle.uasset" 557
"C:/Users/Utkarsh Anand/Documents/Unreal Projects/CR_Send_Mail/Content/UI/red_circle.uexp" 558
"C:/Users/Utkarsh Anand/Documents/Unreal Projects/CR_Send_Mail/Content/UI/Delete_Button_Clicked.uasset" 559
"C:/Users/Utkarsh Anand/Documents/Unreal Projects/CR_Send_Mail/Content/UI/Delete_Button_Clicked.uexp" 560
"C:/Users/Utkarsh Anand/Documents/Unreal Projects/CR_Send_Mail/Content/UI/Delete_Button.uasset" 561
"C:/Users/Utkarsh Anand/Documents/Unreal Projects/CR_Send_Mail/Content/UI/Delete_Button.uexp" 562
"../../../Engine/Content/Functions/Engine_MaterialFunctions02/ExampleContent/Textures/flipbook.ubulk" 563
"../../../Engine/Content/Functions/Engine_MaterialFunctions02/ExampleContent/Textures/flipbook.uasset" 564
"../../../Engine/Content/Functions/Engine_MaterialFunctions02/ExampleContent/Textures/flipbook.uexp" 565
"../../../Engine/Content/Functions/Engine_MaterialFunctions01/Texturing/ComputeMipLevel.uasset" 566
"../../../Engine/Content/Functions/Engine_MaterialFunctions01/Texturing/ComputeMipLevel.uexp" 567
"../../../Engine/Content/Functions/Engine_MaterialFunctions02/ExampleContent/Textures/DebugNumberPeriod.uasset" 568
"../../../Engine/Content/Functions/Engine_MaterialFunctions02/ExampleContent/Textures/DebugNumberPeriod.uexp" 569
"../../../Engine/Content/Functions/Engine_MaterialFunctions02/Utility/DebugScalarValues.uasset" 570
"../../../Engine/Content/Functions/Engine_MaterialFunctions02/Utility/DebugScalarValues.uexp" 571
"../../../Engine/Content/Functions/Engine_MaterialFunctions02/Utility/DebugFloat2Values.uasset" 572
"../../../Engine/Content/Functions/Engine_MaterialFunctions02/Utility/DebugFloat2Values.uexp" 573
"../../../Engine/Content/Functions/Engine_MaterialFunctions02/Texturing/FlipBook.uasset" 574
"../../../Engine/Content/Functions/Engine_MaterialFunctions02/Texturing/FlipBook.uexp" 575
"C:/Users/Utkarsh Anand/Documents/Unreal Projects/CR_Send_Mail/Content/Materials/Plane/output_sprite_sheet.uasset" 576
"C:/Users/Utkarsh Anand/Documents/Unreal Projects/CR_Send_Mail/Content/Materials/Plane/output_sprite_sheet.uexp" 577
"C:/Users/Utkarsh Anand/Documents/Unreal Projects/CR_Send_Mail/Content/Materials/Plane/Mat_Plane.uasset" 578
"C:/Users/Utkarsh Anand/Documents/Unreal Projects/CR_Send_Mail/Content/Materials/Plane/Mat_Plane.uexp" 579
"C:/Users/Utkarsh Anand/Documents/Unreal Projects/CR_Send_Mail/Content/Materials/Plane/Mat_Plane_Inst.uasset" 580
"C:/Users/Utkarsh Anand/Documents/Unreal Projects/CR_Send_Mail/Content/Materials/Plane/Mat_Plane_Inst.uexp" 581
"C:/Users/Utkarsh Anand/Documents/Unreal Projects/CR_Send_Mail/Content/Materials/Plane/crumple_sheet_resized.uasset" 582
"C:/Users/Utkarsh Anand/Documents/Unreal Projects/CR_Send_Mail/Content/Materials/Plane/crumple_sheet_resized.uexp" 583
"C:/Users/Utkarsh Anand/Documents/Unreal Projects/CR_Send_Mail/Content/Materials/Plane/Mat_Crumple_Inst.uasset" 584
"C:/Users/Utkarsh Anand/Documents/Unreal Projects/CR_Send_Mail/Content/Materials/Plane/Mat_Crumple_Inst.uexp" 585
"C:/Users/Utkarsh Anand/Documents/Unreal Projects/CR_Send_Mail/Content/Blueprints/SendMail_Library.uasset" 586
"C:/Users/Utkarsh Anand/Documents/Unreal Projects/CR_Send_Mail/Content/Blueprints/SendMail_Library.uexp" 587
"C:/Users/Utkarsh Anand/Documents/Unreal Projects/CR_Send_Mail/Content/Widget/WID_MainForm.uasset" 588
"C:/Users/Utkarsh Anand/Documents/Unreal Projects/CR_Send_Mail/Content/Widget/WID_MainForm.uexp" 589
"C:/Users/Utkarsh Anand/Documents/Unreal Projects/CR_Send_Mail/Content/Blueprints/BP_MainPawn.uasset" 590
"C:/Users/Utkarsh Anand/Documents/Unreal Projects/CR_Send_Mail/Content/Blueprints/BP_MainPawn.uexp" 591
"C:/Users/Utkarsh Anand/Documents/Unreal Projects/CR_Send_Mail/Content/Blueprints/BP_MainGameModeBase.uasset" 592
"C:/Users/Utkarsh Anand/Documents/Unreal Projects/CR_Send_Mail/Content/Blueprints/BP_MainGameModeBase.uexp" 593
"../../../Engine/Plugins/VirtualProduction/CameraCalibrationCore/Content/Materials/M_DefaultOddSquare.uasset" 594
"../../../Engine/Plugins/VirtualProduction/CameraCalibrationCore/Content/Materials/M_DefaultOddSquare.uexp" 595
"../../../Engine/Plugins/VirtualProduction/CameraCalibrationCore/Content/Materials/M_DefaultEvenSquare.uasset" 596
"../../../Engine/Plugins/VirtualProduction/CameraCalibrationCore/Content/Materials/M_DefaultEvenSquare.uexp" 597
"../../../Engine/Plugins/Runtime/HairStrands/Content/Materials/HairMeshesDefaultMaterial.uasset" 598
"../../../Engine/Plugins/Runtime/HairStrands/Content/Materials/HairMeshesDefaultMaterial.uexp" 599
"../../../Engine/Plugins/Runtime/HairStrands/Content/Materials/HairDefaultMaterial.uasset" 600
"../../../Engine/Plugins/Runtime/HairStrands/Content/Materials/HairDefaultMaterial.uexp" 601
"../../../Engine/Content/Functions/Engine_MaterialFunctions02/Utility/MakeFloat2.uasset" 602
"../../../Engine/Content/Functions/Engine_MaterialFunctions02/Utility/MakeFloat2.uexp" 603
"../../../Engine/Content/EngineMaterials/HairDebugColor.uasset" 604
"../../../Engine/Content/EngineMaterials/HairDebugColor.uexp" 605
"../../../Engine/Content/EngineMaterials/HairColorMap.uasset" 606
"../../../Engine/Content/EngineMaterials/HairColorMap.uexp" 607
"../../../Engine/Plugins/Runtime/HairStrands/Content/Materials/HairGroupColors.uasset" 608
"../../../Engine/Plugins/Runtime/HairStrands/Content/Materials/HairGroupColors.uexp" 609
"../../../Engine/Plugins/Runtime/HairStrands/Content/Materials/HairDebugMaterial.uasset" 610
"../../../Engine/Plugins/Runtime/HairStrands/Content/Materials/HairDebugMaterial.uexp" 611
"../../../Engine/Plugins/Runtime/HairStrands/Content/Materials/HairCardsDefaultMaterial.uasset" 612
"../../../Engine/Plugins/Runtime/HairStrands/Content/Materials/HairCardsDefaultMaterial.uexp" 613
"../../../Engine/Plugins/Runtime/AudioWidgets/Content/Resources/ScrubHandleDown_Clamped.uasset" 614
"../../../Engine/Plugins/Runtime/AudioWidgets/Content/Resources/ScrubHandleDown_Clamped.uexp" 615
"../../../Engine/Plugins/Interchange/Assets/Content/Functions/MX_UsdPreviewSurface.uasset" 616
"../../../Engine/Plugins/Interchange/Assets/Content/Functions/MX_UsdPreviewSurface.uexp" 617
"../../../Engine/Plugins/Interchange/Assets/Content/Functions/MX_UniformEDF.uasset" 618
"../../../Engine/Plugins/Interchange/Assets/Content/Functions/MX_UniformEDF.uexp" 619
"../../../Engine/Plugins/Interchange/Assets/Content/Functions/MX_TranslucentBSDF.uasset" 620
"../../../Engine/Plugins/Interchange/Assets/Content/Functions/MX_TranslucentBSDF.uexp" 621
"../../../Engine/Plugins/Interchange/Assets/Content/Functions/MX_ThinFilmBSDF.uasset" 622
"../../../Engine/Plugins/Interchange/Assets/Content/Functions/MX_ThinFilmBSDF.uexp" 623
"../../../Engine/Plugins/Interchange/Assets/Content/Functions/MX_SurfaceUnlit.uasset" 624
"../../../Engine/Plugins/Interchange/Assets/Content/Functions/MX_SurfaceUnlit.uexp" 625
"../../../Engine/Plugins/Interchange/Assets/Content/Functions/MX_Surface.uasset" 626
"../../../Engine/Plugins/Interchange/Assets/Content/Functions/MX_Surface.uexp" 627
"../../../Engine/Plugins/Interchange/Assets/Content/Functions/MX_SubsurfaceBSDF.uasset" 628
"../../../Engine/Plugins/Interchange/Assets/Content/Functions/MX_SubsurfaceBSDF.uexp" 629
"../../../Engine/Plugins/Interchange/Assets/Content/Functions/MX_SheenBSDF.uasset" 630
"../../../Engine/Plugins/Interchange/Assets/Content/Functions/MX_SheenBSDF.uexp" 631
"../../../Engine/Plugins/Interchange/Assets/Content/Functions/MX_OrenNayarBSDF.uasset" 632
"../../../Engine/Plugins/Interchange/Assets/Content/Functions/MX_OrenNayarBSDF.uexp" 633
"../../../Engine/Plugins/Interchange/Assets/Content/Functions/MF_IridescenceNoLUT.uasset" 634
"../../../Engine/Plugins/Interchange/Assets/Content/Functions/MF_IridescenceNoLUT.uexp" 635
"../../../Engine/Plugins/Interchange/Assets/Content/Functions/MX_StandardSurface.uasset" 636
"../../../Engine/Plugins/Interchange/Assets/Content/Functions/MX_StandardSurface.uexp" 637
"../../../Engine/Plugins/Interchange/Assets/Content/Functions/MX_TransmissionSurface.uasset" 638
"../../../Engine/Plugins/Interchange/Assets/Content/Functions/MX_TransmissionSurface.uexp" 639
"../../../Engine/Plugins/Interchange/Assets/Content/Functions/MX_OpenPBR_Translucent.uasset" 640
"../../../Engine/Plugins/Interchange/Assets/Content/Functions/MX_OpenPBR_Translucent.uexp" 641
"../../../Engine/Plugins/Interchange/Assets/Content/Functions/MX_OpenPBR_Opaque.uasset" 642
"../../../Engine/Plugins/Interchange/Assets/Content/Functions/MX_OpenPBR_Opaque.uexp" 643
"../../../Engine/Plugins/Interchange/Assets/Content/Functions/MX_MeasuredEDF.uasset" 644
"../../../Engine/Plugins/Interchange/Assets/Content/Functions/MX_MeasuredEDF.uexp" 645
"../../../Engine/Plugins/Interchange/Assets/Content/Functions/MX_GeneralizedSchlickBSDF.uasset" 646
"../../../Engine/Plugins/Interchange/Assets/Content/Functions/MX_GeneralizedSchlickBSDF.uexp" 647
"../../../Engine/Plugins/Interchange/Assets/Content/Functions/MX_Displacement.uasset" 648
"../../../Engine/Plugins/Interchange/Assets/Content/Functions/MX_Displacement.uexp" 649
"../../../Engine/Plugins/Interchange/Assets/Content/Functions/MX_DielectricBSDF.uasset" 650
"../../../Engine/Plugins/Interchange/Assets/Content/Functions/MX_DielectricBSDF.uexp" 651
"../../../Engine/Plugins/Interchange/Assets/Content/Functions/MX_ConicalEDF.uasset" 652
"../../../Engine/Plugins/Interchange/Assets/Content/Functions/MX_ConicalEDF.uexp" 653
"../../../Engine/Plugins/Interchange/Assets/Content/Functions/MX_ConductorBSDF.uasset" 654
"../../../Engine/Plugins/Interchange/Assets/Content/Functions/MX_ConductorBSDF.uexp" 655
"../../../Engine/Plugins/Interchange/Assets/Content/Functions/MX_BurleyDiffuseBSDF.uasset" 656
"../../../Engine/Plugins/Interchange/Assets/Content/Functions/MX_BurleyDiffuseBSDF.uexp" 657
"../../../Engine/Plugins/Interchange/Assets/Content/Functions/MX_AnisotropicVDF.uasset" 658
"../../../Engine/Plugins/Interchange/Assets/Content/Functions/MX_AnisotropicVDF.uexp" 659
"../../../Engine/Plugins/Interchange/Assets/Content/Functions/MX_AbsorptionVDF.uasset" 660
"../../../Engine/Plugins/Interchange/Assets/Content/Functions/MX_AbsorptionVDF.uexp" 661
"../../../Engine/Plugins/Interchange/Assets/Content/gltf/Textures/T_White_srgb.uasset" 662
"../../../Engine/Plugins/Interchange/Assets/Content/gltf/Textures/T_White_srgb.uexp" 663
"../../../Engine/Plugins/Interchange/Assets/Content/gltf/MaterialFunctions/MF_BaseColor.uasset" 664
"../../../Engine/Plugins/Interchange/Assets/Content/gltf/MaterialFunctions/MF_BaseColor.uexp" 665
"../../../Engine/Plugins/Interchange/Assets/Content/gltf/MaterialFunctions/MF_RotateV2.uasset" 666
"../../../Engine/Plugins/Interchange/Assets/Content/gltf/MaterialFunctions/MF_RotateV2.uexp" 667
"../../../Engine/Plugins/Interchange/Assets/Content/gltf/MaterialFunctions/MF_TransformUVs.uasset" 668
"../../../Engine/Plugins/Interchange/Assets/Content/gltf/MaterialFunctions/MF_TransformUVs.uexp" 669
"../../../Engine/Plugins/Interchange/Assets/Content/gltf/MaterialBodies/MF_Unlit_Body.uasset" 670
"../../../Engine/Plugins/Interchange/Assets/Content/gltf/MaterialBodies/MF_Unlit_Body.uexp" 671
"../../../Engine/Plugins/Interchange/Assets/Content/gltf/M_Unlit.uasset" 672
"../../../Engine/Plugins/Interchange/Assets/Content/gltf/M_Unlit.uexp" 673
"../../../Engine/Plugins/Interchange/Assets/Content/gltf/MaterialInstances/MI_Unlit_Opaque_DS.uasset" 674
"../../../Engine/Plugins/Interchange/Assets/Content/gltf/MaterialInstances/MI_Unlit_Opaque_DS.uexp" 675
"../../../Engine/Plugins/Interchange/Assets/Content/gltf/MaterialInstances/MI_Unlit_Opaque.uasset" 676
"../../../Engine/Plugins/Interchange/Assets/Content/gltf/MaterialInstances/MI_Unlit_Opaque.uexp" 677
"../../../Engine/Plugins/Interchange/Assets/Content/gltf/MaterialInstances/MI_Unlit_Mask_DS.uasset" 678
"../../../Engine/Plugins/Interchange/Assets/Content/gltf/MaterialInstances/MI_Unlit_Mask_DS.uexp" 679
"../../../Engine/Plugins/Interchange/Assets/Content/gltf/MaterialInstances/MI_Unlit_Mask.uasset" 680
"../../../Engine/Plugins/Interchange/Assets/Content/gltf/MaterialInstances/MI_Unlit_Mask.uexp" 681
"../../../Engine/Plugins/Interchange/Assets/Content/gltf/MaterialInstances/MI_Unlit_Blend_DS.uasset" 682
"../../../Engine/Plugins/Interchange/Assets/Content/gltf/MaterialInstances/MI_Unlit_Blend_DS.uexp" 683
"../../../Engine/Plugins/Interchange/Assets/Content/gltf/MaterialInstances/MI_Unlit_Blend.uasset" 684
"../../../Engine/Plugins/Interchange/Assets/Content/gltf/MaterialInstances/MI_Unlit_Blend.uexp" 685
"../../../Engine/Content/EngineMaterials/Good64x64TilingNoiseHighFreq.uasset" 686
"../../../Engine/Content/EngineMaterials/Good64x64TilingNoiseHighFreq.uexp" 687
"../../../Engine/Content/Functions/Engine_MaterialFunctions02/Texturing/ScreenAlignedPixelToPixelUVs.uasset" 688
"../../../Engine/Content/Functions/Engine_MaterialFunctions02/Texturing/ScreenAlignedPixelToPixelUVs.uexp" 689
"../../../Engine/Content/Functions/Engine_MaterialFunctions02/Math/Transform3x3Matrix.uasset" 690
"../../../Engine/Content/Functions/Engine_MaterialFunctions02/Math/Transform3x3Matrix.uexp" 691
"../../../Engine/Plugins/Interchange/Assets/Content/Utilities/New_LUT.uasset" 692
"../../../Engine/Plugins/Interchange/Assets/Content/Utilities/New_LUT.uexp" 693
"../../../Engine/Content/Functions/Engine_MaterialFunctions03/Math/RemapValueRange.uasset" 694
"../../../Engine/Content/Functions/Engine_MaterialFunctions03/Math/RemapValueRange.uexp" 695
"../../../Engine/Plugins/Interchange/Assets/Content/Functions/MF_Iridescence.uasset" 696
"../../../Engine/Plugins/Interchange/Assets/Content/Functions/MF_Iridescence.uexp" 697
"../../../Engine/Plugins/Interchange/Assets/Content/gltf/MaterialFunctions/MF_Fresnel_DS.uasset" 698
"../../../Engine/Plugins/Interchange/Assets/Content/gltf/MaterialFunctions/MF_Fresnel_DS.uexp" 699
"../../../Engine/Plugins/Interchange/Assets/Content/gltf/MaterialFunctions/MF_IOR.uasset" 700
"../../../Engine/Plugins/Interchange/Assets/Content/gltf/MaterialFunctions/MF_IOR.uexp" 701
"../../../Engine/Plugins/Interchange/Assets/Content/gltf/MaterialFunctions/MF_Iridescence.uasset" 702
"../../../Engine/Plugins/Interchange/Assets/Content/gltf/MaterialFunctions/MF_Iridescence.uexp" 703
"../../../Engine/Plugins/Interchange/Assets/Content/gltf/Textures/T_White_Linear.uasset" 704
"../../../Engine/Plugins/Interchange/Assets/Content/gltf/Textures/T_White_Linear.uexp" 705
"../../../Engine/Plugins/Interchange/Assets/Content/gltf/MaterialFunctions/MF_MetallicRoughness.uasset" 706
"../../../Engine/Plugins/Interchange/Assets/Content/gltf/MaterialFunctions/MF_MetallicRoughness.uexp" 707
"../../../Engine/Plugins/Interchange/Assets/Content/gltf/MaterialFunctions/MF_RotateNormals_TS.uasset" 708
"../../../Engine/Plugins/Interchange/Assets/Content/gltf/MaterialFunctions/MF_RotateNormals_TS.uexp" 709
"../../../Engine/Plugins/Interchange/Assets/Content/gltf/MaterialFunctions/MF_ScaleNormal.uasset" 710
"../../../Engine/Plugins/Interchange/Assets/Content/gltf/MaterialFunctions/MF_ScaleNormal.uexp" 711
"../../../Engine/Plugins/Interchange/Assets/Content/gltf/Textures/T_Generic_N.uasset" 712
"../../../Engine/Plugins/Interchange/Assets/Content/gltf/Textures/T_Generic_N.uexp" 713
"../../../Engine/Plugins/Interchange/Assets/Content/gltf/MaterialFunctions/MF_Normals.uasset" 714
"../../../Engine/Plugins/Interchange/Assets/Content/gltf/MaterialFunctions/MF_Normals.uexp" 715
"../../../Engine/Plugins/Interchange/Assets/Content/gltf/MaterialFunctions/MF_Occlusion.uasset" 716
"../../../Engine/Plugins/Interchange/Assets/Content/gltf/MaterialFunctions/MF_Occlusion.uexp" 717
"../../../Engine/Plugins/Interchange/Assets/Content/gltf/MaterialFunctions/MF_Specular.uasset" 718
"../../../Engine/Plugins/Interchange/Assets/Content/gltf/MaterialFunctions/MF_Specular.uexp" 719
"../../../Engine/Plugins/Interchange/Assets/Content/gltf/Textures/T_Anisotropy_Direction_Linear.uasset" 720
"../../../Engine/Plugins/Interchange/Assets/Content/gltf/Textures/T_Anisotropy_Direction_Linear.uexp" 721
"../../../Engine/Plugins/Interchange/Assets/Content/gltf/MaterialFunctions/MF_SpecularAnisotropy.uasset" 722
"../../../Engine/Plugins/Interchange/Assets/Content/gltf/MaterialFunctions/MF_SpecularAnisotropy.uexp" 723
"../../../Engine/Plugins/Interchange/Assets/Content/gltf/MaterialFunctions/MF_Temporal_Blur.uasset" 724
"../../../Engine/Plugins/Interchange/Assets/Content/gltf/MaterialFunctions/MF_Temporal_Blur.uexp" 725
"../../../Engine/Plugins/Interchange/Assets/Content/gltf/MaterialFunctions/MF_Transmission.uasset" 726
"../../../Engine/Plugins/Interchange/Assets/Content/gltf/MaterialFunctions/MF_Transmission.uexp" 727
"../../../Engine/Plugins/Interchange/Assets/Content/gltf/MaterialBodies/MF_Transmission_Body.uasset" 728
"../../../Engine/Plugins/Interchange/Assets/Content/gltf/MaterialBodies/MF_Transmission_Body.uexp" 729
"../../../Engine/Plugins/Interchange/Assets/Content/gltf/M_Transmission.uasset" 730
"../../../Engine/Plugins/Interchange/Assets/Content/gltf/M_Transmission.uexp" 731
"../../../Engine/Plugins/Interchange/Assets/Content/gltf/MaterialInstances/MI_Transmission_DS.uasset" 732
"../../../Engine/Plugins/Interchange/Assets/Content/gltf/MaterialInstances/MI_Transmission_DS.uexp" 733
"../../../Engine/Plugins/Interchange/Assets/Content/gltf/MaterialInstances/MI_Transmission.uasset" 734
"../../../Engine/Plugins/Interchange/Assets/Content/gltf/MaterialInstances/MI_Transmission.uexp" 735
"../../../Engine/Content/Functions/Engine_MaterialFunctions02/Math/AddComponents.uasset" 736
"../../../Engine/Content/Functions/Engine_MaterialFunctions02/Math/AddComponents.uexp" 737
"../../../Engine/Plugins/Interchange/Assets/Content/gltf/MaterialFunctions/MF_DiffuseSpecGloss.uasset" 738
"../../../Engine/Plugins/Interchange/Assets/Content/gltf/MaterialFunctions/MF_DiffuseSpecGloss.uexp" 739
"../../../Engine/Plugins/Interchange/Assets/Content/gltf/MaterialFunctions/MF_Emissive.uasset" 740
"../../../Engine/Plugins/Interchange/Assets/Content/gltf/MaterialFunctions/MF_Emissive.uexp" 741
"../../../Engine/Plugins/Interchange/Assets/Content/gltf/MaterialFunctions/MF_MaxComponentValue.uasset" 742
"../../../Engine/Plugins/Interchange/Assets/Content/gltf/MaterialFunctions/MF_MaxComponentValue.uexp" 743
"../../../Engine/Plugins/Interchange/Assets/Content/gltf/MaterialFunctions/MF_PerceivedBrightness.uasset" 744
"../../../Engine/Plugins/Interchange/Assets/Content/gltf/MaterialFunctions/MF_PerceivedBrightness.uexp" 745
"../../../Engine/Plugins/Interchange/Assets/Content/gltf/MaterialFunctions/MF_SpecGlossToMetalRoughness.uasset" 746
"../../../Engine/Plugins/Interchange/Assets/Content/gltf/MaterialFunctions/MF_SpecGlossToMetalRoughness.uexp" 747
"../../../Engine/Plugins/Interchange/Assets/Content/gltf/MaterialBodies/MF_SpecularGlossiness_Body.uasset" 748
"../../../Engine/Plugins/Interchange/Assets/Content/gltf/MaterialBodies/MF_SpecularGlossiness_Body.uexp" 749
"../../../Engine/Plugins/Interchange/Assets/Content/gltf/M_SpecularGlossiness.uasset" 750
"../../../Engine/Plugins/Interchange/Assets/Content/gltf/M_SpecularGlossiness.uexp" 751
"../../../Engine/Plugins/Interchange/Assets/Content/gltf/MaterialInstances/MI_SpecularGlossiness_Opaque_DS.uasset" 752
"../../../Engine/Plugins/Interchange/Assets/Content/gltf/MaterialInstances/MI_SpecularGlossiness_Opaque_DS.uexp" 753
"../../../Engine/Plugins/Interchange/Assets/Content/gltf/MaterialInstances/MI_SpecularGlossiness_Opaque.uasset" 754
"../../../Engine/Plugins/Interchange/Assets/Content/gltf/MaterialInstances/MI_SpecularGlossiness_Opaque.uexp" 755
"../../../Engine/Plugins/Interchange/Assets/Content/gltf/MaterialInstances/MI_SpecularGlossiness_Mask_DS.uasset" 756
"../../../Engine/Plugins/Interchange/Assets/Content/gltf/MaterialInstances/MI_SpecularGlossiness_Mask_DS.uexp" 757
"../../../Engine/Plugins/Interchange/Assets/Content/gltf/MaterialInstances/MI_SpecularGlossiness_Mask.uasset" 758
"../../../Engine/Plugins/Interchange/Assets/Content/gltf/MaterialInstances/MI_SpecularGlossiness_Mask.uexp" 759
"../../../Engine/Plugins/Interchange/Assets/Content/gltf/MaterialInstances/MI_SpecularGlossiness_Blend_DS.uasset" 760
"../../../Engine/Plugins/Interchange/Assets/Content/gltf/MaterialInstances/MI_SpecularGlossiness_Blend_DS.uexp" 761
"../../../Engine/Plugins/Interchange/Assets/Content/gltf/MaterialInstances/MI_SpecularGlossiness_Blend.uasset" 762
"../../../Engine/Plugins/Interchange/Assets/Content/gltf/MaterialInstances/MI_SpecularGlossiness_Blend.uexp" 763
"../../../Engine/Plugins/Interchange/Assets/Content/gltf/MaterialFunctions/MF_Sheen.uasset" 764
"../../../Engine/Plugins/Interchange/Assets/Content/gltf/MaterialFunctions/MF_Sheen.uexp" 765
"../../../Engine/Plugins/Interchange/Assets/Content/gltf/MaterialBodies/MF_Sheen_Body.uasset" 766
"../../../Engine/Plugins/Interchange/Assets/Content/gltf/MaterialBodies/MF_Sheen_Body.uexp" 767
"../../../Engine/Plugins/Interchange/Assets/Content/gltf/M_Sheen.uasset" 768
"../../../Engine/Plugins/Interchange/Assets/Content/gltf/M_Sheen.uexp" 769
"../../../Engine/Plugins/Interchange/Assets/Content/gltf/MaterialInstances/MI_Sheen_Opaque_DS.uasset" 770
"../../../Engine/Plugins/Interchange/Assets/Content/gltf/MaterialInstances/MI_Sheen_Opaque_DS.uexp" 771
"../../../Engine/Plugins/Interchange/Assets/Content/gltf/MaterialInstances/MI_Sheen_Opaque.uasset" 772
"../../../Engine/Plugins/Interchange/Assets/Content/gltf/MaterialInstances/MI_Sheen_Opaque.uexp" 773
"../../../Engine/Plugins/Interchange/Assets/Content/gltf/MaterialInstances/MI_Sheen_Mask_DS.uasset" 774
"../../../Engine/Plugins/Interchange/Assets/Content/gltf/MaterialInstances/MI_Sheen_Mask_DS.uexp" 775
"../../../Engine/Plugins/Interchange/Assets/Content/gltf/MaterialInstances/MI_Sheen_Mask.uasset" 776
"../../../Engine/Plugins/Interchange/Assets/Content/gltf/MaterialInstances/MI_Sheen_Mask.uexp" 777
"../../../Engine/Plugins/Interchange/Assets/Content/gltf/MaterialInstances/MI_Sheen_Blend_DS.uasset" 778
"../../../Engine/Plugins/Interchange/Assets/Content/gltf/MaterialInstances/MI_Sheen_Blend_DS.uexp" 779
"../../../Engine/Plugins/Interchange/Assets/Content/gltf/MaterialInstances/MI_Sheen_Blend.uasset" 780
"../../../Engine/Plugins/Interchange/Assets/Content/gltf/MaterialInstances/MI_Sheen_Blend.uexp" 781
"../../../Engine/Plugins/Interchange/Assets/Content/gltf/MaterialBodies/MF_Default_Body.uasset" 782
"../../../Engine/Plugins/Interchange/Assets/Content/gltf/MaterialBodies/MF_Default_Body.uexp" 783
"../../../Engine/Plugins/Interchange/Assets/Content/gltf/M_Default.uasset" 784
"../../../Engine/Plugins/Interchange/Assets/Content/gltf/M_Default.uexp" 785
"../../../Engine/Plugins/Interchange/Assets/Content/gltf/MaterialInstances/MI_Default_Opaque_DS.uasset" 786
"../../../Engine/Plugins/Interchange/Assets/Content/gltf/MaterialInstances/MI_Default_Opaque_DS.uexp" 787
"../../../Engine/Plugins/Interchange/Assets/Content/gltf/MaterialInstances/MI_Default_Opaque.uasset" 788
"../../../Engine/Plugins/Interchange/Assets/Content/gltf/MaterialInstances/MI_Default_Opaque.uexp" 789
"../../../Engine/Plugins/Interchange/Assets/Content/gltf/MaterialInstances/MI_Default_Mask_DS.uasset" 790
"../../../Engine/Plugins/Interchange/Assets/Content/gltf/MaterialInstances/MI_Default_Mask_DS.uexp" 791
"../../../Engine/Plugins/Interchange/Assets/Content/gltf/MaterialInstances/MI_Default_Mask.uasset" 792
"../../../Engine/Plugins/Interchange/Assets/Content/gltf/MaterialInstances/MI_Default_Mask.uexp" 793
"../../../Engine/Plugins/Interchange/Assets/Content/gltf/MaterialInstances/MI_Default_Blend_DS.uasset" 794
"../../../Engine/Plugins/Interchange/Assets/Content/gltf/MaterialInstances/MI_Default_Blend_DS.uexp" 795
"../../../Engine/Plugins/Interchange/Assets/Content/gltf/MaterialInstances/MI_Default_Blend.uasset" 796
"../../../Engine/Plugins/Interchange/Assets/Content/gltf/MaterialInstances/MI_Default_Blend.uexp" 797
"../../../Engine/Content/Functions/Engine_MaterialFunctions01/Texturing/FlattenNormal.uasset" 798
"../../../Engine/Content/Functions/Engine_MaterialFunctions01/Texturing/FlattenNormal.uexp" 799
"../../../Engine/Plugins/Interchange/Assets/Content/gltf/MaterialFunctions/MF_Clearcoat.uasset" 800
"../../../Engine/Plugins/Interchange/Assets/Content/gltf/MaterialFunctions/MF_Clearcoat.uexp" 801
"../../../Engine/Plugins/Interchange/Assets/Content/gltf/MaterialBodies/MF_ClearCoat_Body.uasset" 802
"../../../Engine/Plugins/Interchange/Assets/Content/gltf/MaterialBodies/MF_ClearCoat_Body.uexp" 803
"../../../Engine/Plugins/Interchange/Assets/Content/gltf/M_ClearCoat.uasset" 804
"../../../Engine/Plugins/Interchange/Assets/Content/gltf/M_ClearCoat.uexp" 805
"../../../Engine/Plugins/Interchange/Assets/Content/gltf/MaterialInstances/MI_ClearCoat_Opaque_DS.uasset" 806
"../../../Engine/Plugins/Interchange/Assets/Content/gltf/MaterialInstances/MI_ClearCoat_Opaque_DS.uexp" 807
"../../../Engine/Plugins/Interchange/Assets/Content/gltf/MaterialInstances/MI_ClearCoat_Opaque.uasset" 808
"../../../Engine/Plugins/Interchange/Assets/Content/gltf/MaterialInstances/MI_ClearCoat_Opaque.uexp" 809
"../../../Engine/Plugins/Interchange/Assets/Content/gltf/MaterialInstances/MI_ClearCoat_Mask_DS.uasset" 810
"../../../Engine/Plugins/Interchange/Assets/Content/gltf/MaterialInstances/MI_ClearCoat_Mask_DS.uexp" 811
"../../../Engine/Plugins/Interchange/Assets/Content/gltf/MaterialInstances/MI_ClearCoat_Mask.uasset" 812
"../../../Engine/Plugins/Interchange/Assets/Content/gltf/MaterialInstances/MI_ClearCoat_Mask.uexp" 813
"../../../Engine/Plugins/Interchange/Assets/Content/gltf/MaterialInstances/MI_ClearCoat_Blend_DS.uasset" 814
"../../../Engine/Plugins/Interchange/Assets/Content/gltf/MaterialInstances/MI_ClearCoat_Blend_DS.uexp" 815
"../../../Engine/Plugins/Interchange/Assets/Content/gltf/MaterialInstances/MI_ClearCoat_Blend.uasset" 816
"../../../Engine/Plugins/Interchange/Assets/Content/gltf/MaterialInstances/MI_ClearCoat_Blend.uexp" 817
"../../../Engine/Content/VREditor/TransformGizmo/TranslucentTransformGizmoMaterial.uasset" 818
"../../../Engine/Content/VREditor/TransformGizmo/TranslucentTransformGizmoMaterial.uexp" 819
"../../../Engine/Content/VREditor/LaserPointer/VR_LaserPower_01.ubulk" 820
"../../../Engine/Content/VREditor/LaserPointer/VR_LaserPower_01.uasset" 821
"../../../Engine/Content/VREditor/LaserPointer/VR_LaserPower_01.uexp" 822
"../../../Engine/Content/VREditor/TransformGizmo/TransformGizmoMaterial.uasset" 823
"../../../Engine/Content/VREditor/TransformGizmo/TransformGizmoMaterial.uexp" 824
"../../../Engine/Content/VREditor/TransformGizmo/BoundingBoxEdge.ubulk" 825
"../../../Engine/Content/VREditor/TransformGizmo/BoundingBoxEdge.uasset" 826
"../../../Engine/Content/VREditor/TransformGizmo/BoundingBoxEdge.uexp" 827
"../../../Engine/Content/VREditor/TransformGizmo/BoundingBoxCorner.ubulk" 828
"../../../Engine/Content/VREditor/TransformGizmo/BoundingBoxCorner.uasset" 829
"../../../Engine/Content/VREditor/TransformGizmo/BoundingBoxCorner.uexp" 830
"../../../Engine/Content/EngineResources/FilmGrains/Marcie_Grain_v3_128_M2_000.uasset" 831
"../../../Engine/Content/EngineResources/FilmGrains/Marcie_Grain_v3_128_M2_000.uexp" 832
"../../../Engine/Content/EngineResources/Development/ZenLogo_64.uasset" 833
"../../../Engine/Content/EngineResources/Development/ZenLogo_64.uexp" 834
"../../../Engine/Content/EngineMaterials/LTC/Sheen_LTC.uasset" 835
"../../../Engine/Content/EngineMaterials/LTC/Sheen_LTC.uexp" 836
"../../../Engine/Content/EngineMaterials/LTC/GGX_LTCMat.uasset" 837
"../../../Engine/Content/EngineMaterials/LTC/GGX_LTCMat.uexp" 838
"../../../Engine/Content/EngineMaterials/LTC/GGX_LTCAmp.uasset" 839
"../../../Engine/Content/EngineMaterials/LTC/GGX_LTCAmp.uexp" 840
"../../../Engine/Content/EngineMaterials/EnergyConservation/Sheen_Energy.uasset" 841
"../../../Engine/Content/EngineMaterials/EnergyConservation/Sheen_Energy.uexp" 842
"../../../Engine/Content/EngineMaterials/EnergyConservation/SheenLegacy_Energy.uasset" 843
"../../../Engine/Content/EngineMaterials/EnergyConservation/SheenLegacy_Energy.uexp" 844
"../../../Engine/Content/EngineMaterials/EnergyConservation/GGX_TransmissionEnergyArray.uasset" 845
"../../../Engine/Content/EngineMaterials/EnergyConservation/GGX_TransmissionEnergyArray.uexp" 846
"../../../Engine/Content/EngineMaterials/EnergyConservation/GGX_ReflectionEnergy.uasset" 847
"../../../Engine/Content/EngineMaterials/EnergyConservation/GGX_ReflectionEnergy.uexp" 848
"../../../Engine/Content/EngineMaterials/EnergyConservation/Diffuse_Energy.uasset" 849
"../../../Engine/Content/EngineMaterials/EnergyConservation/Diffuse_Energy.uexp" 850
"../../../Engine/Content/EditorResources/SequenceRecorder/RecordingIndicator.uasset" 851
"../../../Engine/Content/EditorResources/SequenceRecorder/RecordingIndicator.uexp" 852
"../../../Engine/Content/EditorResources/SequenceRecorder/Countdown.uasset" 853
"../../../Engine/Content/EditorResources/SequenceRecorder/Countdown.uexp" 854
"../../../Engine/Content/EditorMaterials/Camera/CineMat.uasset" 855
"../../../Engine/Content/EditorMaterials/Camera/CineMat.uexp" 856
"../../../Engine/Content/EditorMaterials/Camera/MI_CineMat_Rig.uasset" 857
"../../../Engine/Content/EditorMaterials/Camera/MI_CineMat_Rig.uexp" 858
"../../../Engine/Content/EditorMeshes/Camera/SM_RailRig_Track.ubulk" 859
"../../../Engine/Content/EditorMeshes/Camera/SM_RailRig_Track.uasset" 860
"../../../Engine/Content/EditorMeshes/Camera/SM_RailRig_Track.uexp" 861
"../../../Engine/Content/EditorMeshes/Camera/SM_RailRig_Mount.ubulk" 862
"../../../Engine/Content/EditorMeshes/Camera/SM_RailRig_Mount.uasset" 863
"../../../Engine/Content/EditorMeshes/Camera/SM_RailRig_Mount.uexp" 864
"../../../Engine/Content/EditorMeshes/Camera/SM_CraneRig_Mount.ubulk" 865
"../../../Engine/Content/EditorMeshes/Camera/SM_CraneRig_Mount.uasset" 866
"../../../Engine/Content/EditorMeshes/Camera/SM_CraneRig_Mount.uexp" 867
"../../../Engine/Content/EditorMeshes/Camera/SM_CraneRig_Body.ubulk" 868
"../../../Engine/Content/EditorMeshes/Camera/SM_CraneRig_Body.uasset" 869
"../../../Engine/Content/EditorMeshes/Camera/SM_CraneRig_Body.uexp" 870
"../../../Engine/Content/EditorMeshes/Camera/SM_CraneRig_Base.ubulk" 871
"../../../Engine/Content/EditorMeshes/Camera/SM_CraneRig_Base.uasset" 872
"../../../Engine/Content/EditorMeshes/Camera/SM_CraneRig_Base.uexp" 873
"../../../Engine/Content/EditorMeshes/Camera/SM_CraneRig_Arm.ubulk" 874
"../../../Engine/Content/EditorMeshes/Camera/SM_CraneRig_Arm.uasset" 875
"../../../Engine/Content/EditorMeshes/Camera/SM_CraneRig_Arm.uexp" 876
"../../../Engine/Content/EditorMaterials/ParticleSystems/PSysThumbnail_OOD.ubulk" 877
"../../../Engine/Content/EditorMaterials/ParticleSystems/PSysThumbnail_OOD.uasset" 878
"../../../Engine/Content/EditorMaterials/ParticleSystems/PSysThumbnail_OOD.uexp" 879
"../../../Engine/Content/EditorMaterials/ParticleSystems/PSysThumbnail_NoImage.ubulk" 880
"../../../Engine/Content/EditorMaterials/ParticleSystems/PSysThumbnail_NoImage.uasset" 881
"../../../Engine/Content/EditorMaterials/ParticleSystems/PSysThumbnail_NoImage.uexp" 882
"../../../Engine/Content/EditorMaterials/Dataflow/DataflowVertexMaterial.uasset" 883
"../../../Engine/Content/EditorMaterials/Dataflow/DataflowVertexMaterial.uexp" 884
"../../../Engine/Content/EditorMaterials/Dataflow/DataflowTwoSidedVertexMaterial.uasset" 885
"../../../Engine/Content/EditorMaterials/Dataflow/DataflowTwoSidedVertexMaterial.uexp" 886
"../../../Engine/Content/ArtTools/RenderToTexture/Meshes/S_1_Unit_Plane.ubulk" 887
"../../../Engine/Content/ArtTools/RenderToTexture/Meshes/S_1_Unit_Plane.uasset" 888
"../../../Engine/Content/ArtTools/RenderToTexture/Meshes/S_1_Unit_Plane.uexp" 889
"../../../Engine/Content/EngineMaterials/Substrate/Volume/SubstrateSimpleVolumeLUT3D.uasset" 890
"../../../Engine/Content/EngineMaterials/Substrate/Volume/SubstrateSimpleVolumeLUT3D.uexp" 891
"../../../Engine/Content/EngineMaterials/Substrate/Volume/SubstrateSimpleVolumeEnvLUT3D.uasset" 892
"../../../Engine/Content/EngineMaterials/Substrate/Volume/SubstrateSimpleVolumeEnvLUT3D.uexp" 893
"../../../Engine/Content/EngineMaterials/Substrate/Glints2/AGlintTex2dArray2.uasset" 894
"../../../Engine/Content/EngineMaterials/Substrate/Glints2/AGlintTex2dArray2.uexp" 895
"../../../Engine/Content/EngineMaterials/Substrate/GLints/AGlintTex2dArray.uasset" 896
"../../../Engine/Content/EngineMaterials/Substrate/GLints/AGlintTex2dArray.uexp" 897
"../../../Engine/Content/Functions/Engine_MaterialFunctions01/Shading/PowerToRoughness.uasset" 898
"../../../Engine/Content/Functions/Engine_MaterialFunctions01/Shading/PowerToRoughness.uexp" 899
"../../../Engine/Content/Functions/Engine_MaterialFunctions01/Shading/ConvertFromDiffSpec.uasset" 900
"../../../Engine/Content/Functions/Engine_MaterialFunctions01/Shading/ConvertFromDiffSpec.uexp" 901
"../../../Engine/Content/VREditor/Sounds/UI/Drop_Item_From_ContentBrowser.ubulk" 902
"../../../Engine/Content/VREditor/Sounds/UI/Drop_Item_From_ContentBrowser.uasset" 903
"../../../Engine/Content/VREditor/Sounds/UI/Drop_Item_From_ContentBrowser.uexp" 904
"../../../Engine/Content/VREditor/TransformGizmo/TransformGizmoMaterial_Inst.uasset" 905
"../../../Engine/Content/VREditor/TransformGizmo/TransformGizmoMaterial_Inst.uexp" 906
"../../../Engine/Content/VREditor/TransformGizmo/TranslucentTransformGizmoMaterial_Inst.uasset" 907
"../../../Engine/Content/VREditor/TransformGizmo/TranslucentTransformGizmoMaterial_Inst.uexp" 908
"../../../Engine/Content/Functions/Engine_MaterialFunctions02/SplitComponents.uasset" 909
"../../../Engine/Content/Functions/Engine_MaterialFunctions02/SplitComponents.uexp" 910
"../../../Engine/Content/VREditor/SnapGrid/SnapGridMaterial.uasset" 911
"../../../Engine/Content/VREditor/SnapGrid/SnapGridMaterial.uexp" 912
"../../../Engine/Content/VREditor/SnapGrid/SnapGridPlaneMesh.ubulk" 913
"../../../Engine/Content/VREditor/SnapGrid/SnapGridPlaneMesh.uasset" 914
"../../../Engine/Content/VREditor/SnapGrid/SnapGridPlaneMesh.uexp" 915
"../../../Engine/Content/VREditor/Sounds/UI/Gizmo_Handle_Clicked.ubulk" 916
"../../../Engine/Content/VREditor/Sounds/UI/Gizmo_Handle_Clicked.uasset" 917
"../../../Engine/Content/VREditor/Sounds/UI/Gizmo_Handle_Clicked.uexp" 918
"../../../Engine/Content/VREditor/Sounds/UI/Object_PickUp.ubulk" 919
"../../../Engine/Content/VREditor/Sounds/UI/Object_PickUp.uasset" 920
"../../../Engine/Content/VREditor/Sounds/UI/Object_PickUp.uexp" 921
"../../../Engine/Content/VREditor/Sounds/UI/Object_Snaps_To_Another_Actor.ubulk" 922
"../../../Engine/Content/VREditor/Sounds/UI/Object_Snaps_To_Another_Actor.uasset" 923
"../../../Engine/Content/VREditor/Sounds/UI/Object_Snaps_To_Another_Actor.uexp" 924
"../../../Engine/Content/VREditor/Sounds/UI/Object_Snaps_To_Grid.ubulk" 925
"../../../Engine/Content/VREditor/Sounds/UI/Object_Snaps_To_Grid.uasset" 926
"../../../Engine/Content/VREditor/Sounds/UI/Object_Snaps_To_Grid.uexp" 927
"../../../Engine/Content/VREditor/Sounds/UI/Scaling_Down.ubulk" 928
"../../../Engine/Content/VREditor/Sounds/UI/Scaling_Down.uasset" 929
"../../../Engine/Content/VREditor/Sounds/UI/Scaling_Down.uexp" 930
"../../../Engine/Content/VREditor/Sounds/UI/Scaling_Up.ubulk" 931
"../../../Engine/Content/VREditor/Sounds/UI/Scaling_Up.uasset" 932
"../../../Engine/Content/VREditor/Sounds/UI/Scaling_Up.uexp" 933
"../../../Engine/Content/VREditor/Sounds/UI/Selection_Changes.ubulk" 934
"../../../Engine/Content/VREditor/Sounds/UI/Selection_Changes.uasset" 935
"../../../Engine/Content/VREditor/Sounds/UI/Selection_Changes.uexp" 936
"../../../Engine/Content/VREditor/TransformGizmo/PlaneTranslationHandle.ubulk" 937
"../../../Engine/Content/VREditor/TransformGizmo/PlaneTranslationHandle.uasset" 938
"../../../Engine/Content/VREditor/TransformGizmo/PlaneTranslationHandle.uexp" 939
"../../../Engine/Content/VREditor/TransformGizmo/RotationHandleFull.ubulk" 940
"../../../Engine/Content/VREditor/TransformGizmo/RotationHandleFull.uasset" 941
"../../../Engine/Content/VREditor/TransformGizmo/RotationHandleFull.uexp" 942
"../../../Engine/Content/VREditor/TransformGizmo/RotationHandleIndicator.ubulk" 943
"../../../Engine/Content/VREditor/TransformGizmo/RotationHandleIndicator.uasset" 944
"../../../Engine/Content/VREditor/TransformGizmo/RotationHandleIndicator.uexp" 945
"../../../Engine/Content/VREditor/TransformGizmo/RotationHandleQuarter.ubulk" 946
"../../../Engine/Content/VREditor/TransformGizmo/RotationHandleQuarter.uasset" 947
"../../../Engine/Content/VREditor/TransformGizmo/RotationHandleQuarter.uexp" 948
"../../../Engine/Content/VREditor/TransformGizmo/StartRotationHandleIndicator.ubulk" 949
"../../../Engine/Content/VREditor/TransformGizmo/StartRotationHandleIndicator.uasset" 950
"../../../Engine/Content/VREditor/TransformGizmo/StartRotationHandleIndicator.uexp" 951
"../../../Engine/Content/VREditor/TransformGizmo/TransformGizmoFreeRotation.ubulk" 952
"../../../Engine/Content/VREditor/TransformGizmo/TransformGizmoFreeRotation.uasset" 953
"../../../Engine/Content/VREditor/TransformGizmo/TransformGizmoFreeRotation.uexp" 954
"../../../Engine/Content/VREditor/TransformGizmo/TranslateArrowHandle.ubulk" 955
"../../../Engine/Content/VREditor/TransformGizmo/TranslateArrowHandle.uasset" 956
"../../../Engine/Content/VREditor/TransformGizmo/TranslateArrowHandle.uexp" 957
"../../../Engine/Content/VREditor/TransformGizmo/UniformScaleHandle.ubulk" 958
"../../../Engine/Content/VREditor/TransformGizmo/UniformScaleHandle.uasset" 959
"../../../Engine/Content/VREditor/TransformGizmo/UniformScaleHandle.uexp" 960
"../../../Engine/Plugins/Animation/DeformerGraph/Content/DeformerFunctions/DG_Function_LinearBlendSkin_Morph_Cloth.uasset" 961
"../../../Engine/Plugins/Animation/DeformerGraph/Content/DeformerFunctions/DG_Function_LinearBlendSkin_Morph_Cloth.uexp" 962
"../../../Engine/Plugins/Animation/DeformerGraph/Content/Deformers/DG_LinearBlendSkin_Morph_Cloth.uasset" 963
"../../../Engine/Plugins/Animation/DeformerGraph/Content/Deformers/DG_LinearBlendSkin_Morph_Cloth.uexp" 964
"../../../Engine/Plugins/Animation/DeformerGraph/Content/DeformerFunctions/DG_Function_LinearBlendSkin_Morph_Cloth_PositionOnly.uasset" 965
"../../../Engine/Plugins/Animation/DeformerGraph/Content/DeformerFunctions/DG_Function_LinearBlendSkin_Morph_Cloth_PositionOnly.uexp" 966
"../../../Engine/Plugins/Animation/DeformerGraph/Content/DeformerFunctions/DG_Function_ComputeNormalsTangents.uasset" 967
"../../../Engine/Plugins/Animation/DeformerGraph/Content/DeformerFunctions/DG_Function_ComputeNormalsTangents.uexp" 968
"../../../Engine/Plugins/Animation/DeformerGraph/Content/Deformers/DG_LinearBlendSkin_Morph_Cloth_RecomputeNormals.uasset" 969
"../../../Engine/Plugins/Animation/DeformerGraph/Content/Deformers/DG_LinearBlendSkin_Morph_Cloth_RecomputeNormals.uexp" 970
"../../../Engine/Content/Maps/Entry_BuiltData.uasset" 971
"../../../Engine/Content/Maps/Entry_BuiltData.uexp" 972
"../../../Engine/Content/Maps/Entry.uexp" 973
"../../../Engine/Content/Maps/Entry.umap" 974
"../../../Engine/Content/BasicShapes/Plane.ubulk" 975
"../../../Engine/Content/BasicShapes/Plane.uasset" 976
"../../../Engine/Content/BasicShapes/Plane.uexp" 977
"C:/Users/Utkarsh Anand/Documents/Unreal Projects/CR_Send_Mail/Content/Widget/WID_Welcome.uasset" 978
"C:/Users/Utkarsh Anand/Documents/Unreal Projects/CR_Send_Mail/Content/Widget/WID_Welcome.uexp" 979
"C:/Users/Utkarsh Anand/Documents/Unreal Projects/CR_Send_Mail/Content/Materials/Grey_Mat.uasset" 980
"C:/Users/Utkarsh Anand/Documents/Unreal Projects/CR_Send_Mail/Content/Materials/Grey_Mat.uexp" 981
"C:/Users/Utkarsh Anand/Documents/Unreal Projects/CR_Send_Mail/Content/Maps/MainMap_BuiltData.ubulk" 982
"C:/Users/Utkarsh Anand/Documents/Unreal Projects/CR_Send_Mail/Content/Maps/MainMap_BuiltData.uasset" 983
"C:/Users/Utkarsh Anand/Documents/Unreal Projects/CR_Send_Mail/Content/Maps/MainMap_BuiltData.uexp" 984
"C:/Users/Utkarsh Anand/Documents/Unreal Projects/CR_Send_Mail/Content/Maps/MainMap.uexp" 985
"C:/Users/Utkarsh Anand/Documents/Unreal Projects/CR_Send_Mail/Content/Maps/MainMap.umap" 986
